0 info it worked if it ends with ok
1 verbose cli [ '/usr/local/Cellar/node/5.0.0/bin/node',
1 verbose cli   '/Users/ulx/.npm-packages/bin/npm',
1 verbose cli   'install',
1 verbose cli   'raspi-io',
1 verbose cli   '-save' ]
2 info using npm@3.3.10
3 info using node@v5.0.0
4 silly loadCurrentTree Starting
5 silly install loadCurrentTree
6 silly install readLocalPackageData
7 silly fetchPackageMetaData raspi-io
8 silly fetchNamedPackageData raspi-io
9 silly mapToRegistry name raspi-io
10 silly mapToRegistry using default registry
11 silly mapToRegistry registry https://registry.npmjs.org/
12 silly mapToRegistry uri https://registry.npmjs.org/raspi-io
13 verbose request uri https://registry.npmjs.org/raspi-io
14 verbose request no auth needed
15 info attempt registry request try #1 at 6:53:05 PM
16 verbose request id e31cec2db9e65ce4
17 verbose etag "TWALFXFGH2LZDOEMW741W76W"
18 http request GET https://registry.npmjs.org/raspi-io
19 http 304 https://registry.npmjs.org/raspi-io
20 verbose headers { date: 'Thu, 25 Feb 2016 23:53:05 GMT',
20 verbose headers   via: '1.1 varnish',
20 verbose headers   'cache-control': 'max-age=300',
20 verbose headers   etag: '"TWALFXFGH2LZDOEMW741W76W"',
20 verbose headers   age: '69',
20 verbose headers   connection: 'keep-alive',
20 verbose headers   'x-served-by': 'cache-ord1728-ORD',
20 verbose headers   'x-cache': 'HIT',
20 verbose headers   'x-cache-hits': '1',
20 verbose headers   'x-timer': 'S1456444385.314974,VS0,VE0',
20 verbose headers   vary: 'Accept' }
21 silly get cb [ 304,
21 silly get   { date: 'Thu, 25 Feb 2016 23:53:05 GMT',
21 silly get     via: '1.1 varnish',
21 silly get     'cache-control': 'max-age=300',
21 silly get     etag: '"TWALFXFGH2LZDOEMW741W76W"',
21 silly get     age: '69',
21 silly get     connection: 'keep-alive',
21 silly get     'x-served-by': 'cache-ord1728-ORD',
21 silly get     'x-cache': 'HIT',
21 silly get     'x-cache-hits': '1',
21 silly get     'x-timer': 'S1456444385.314974,VS0,VE0',
21 silly get     vary: 'Accept' } ]
22 verbose etag https://registry.npmjs.org/raspi-io from cache
23 verbose get saving raspi-io to /Users/ulx/.npm/registry.npmjs.org/raspi-io/.cache.json
24 silly install normalizeTree
25 silly loadCurrentTree Finishing
26 silly loadIdealTree Starting
27 silly install loadIdealTree
28 silly cloneCurrentTree Starting
29 silly install cloneCurrentTreeToIdealTree
30 silly cloneCurrentTree Finishing
31 silly loadShrinkwrap Starting
32 silly install loadShrinkwrap
33 silly loadShrinkwrap Finishing
34 silly loadAllDepsIntoIdealTree Starting
35 silly install loadAllDepsIntoIdealTree
36 silly resolveWithNewModule raspi-io@5.3.0 checking installable status
37 silly cache add args [ 'raspi-io', null ]
38 verbose cache add spec raspi-io
39 silly cache add parsed spec Result {
39 silly cache add   raw: 'raspi-io',
39 silly cache add   scope: null,
39 silly cache add   name: 'raspi-io',
39 silly cache add   rawSpec: '',
39 silly cache add   spec: '*',
39 silly cache add   type: 'range' }
40 silly addNamed raspi-io@*
41 verbose addNamed "*" is a valid semver range for raspi-io
42 silly addNameRange { name: 'raspi-io', range: '*', hasData: false }
43 silly mapToRegistry name raspi-io
44 silly mapToRegistry using default registry
45 silly mapToRegistry registry https://registry.npmjs.org/
46 silly mapToRegistry uri https://registry.npmjs.org/raspi-io
47 verbose addNameRange registry:https://registry.npmjs.org/raspi-io not in flight; fetching
48 verbose get https://registry.npmjs.org/raspi-io not expired, no request
49 silly addNameRange number 2 { name: 'raspi-io', range: '*', hasData: true }
50 silly addNameRange versions [ 'raspi-io',
50 silly addNameRange   [ '0.1.0',
50 silly addNameRange     '0.1.1',
50 silly addNameRange     '0.1.2',
50 silly addNameRange     '0.1.4',
50 silly addNameRange     '0.1.5',
50 silly addNameRange     '0.1.7',
50 silly addNameRange     '0.1.8',
50 silly addNameRange     '0.1.9',
50 silly addNameRange     '0.1.10',
50 silly addNameRange     '0.1.11',
50 silly addNameRange     '0.1.12',
50 silly addNameRange     '0.1.13',
50 silly addNameRange     '0.1.14',
50 silly addNameRange     '1.0.0',
50 silly addNameRange     '1.0.1',
50 silly addNameRange     '1.0.2',
50 silly addNameRange     '1.0.3',
50 silly addNameRange     '2.0.0',
50 silly addNameRange     '2.0.1',
50 silly addNameRange     '2.0.2',
50 silly addNameRange     '2.0.3',
50 silly addNameRange     '2.0.4',
50 silly addNameRange     '2.0.5',
50 silly addNameRange     '2.0.6',
50 silly addNameRange     '2.0.7',
50 silly addNameRange     '2.1.0',
50 silly addNameRange     '2.2.0',
50 silly addNameRange     '2.2.1',
50 silly addNameRange     '2.2.2',
50 silly addNameRange     '2.2.3',
50 silly addNameRange     '3.0.0',
50 silly addNameRange     '3.0.1',
50 silly addNameRange     '3.1.0',
50 silly addNameRange     '3.1.1',
50 silly addNameRange     '3.2.0',
50 silly addNameRange     '3.2.1',
50 silly addNameRange     '3.2.2',
50 silly addNameRange     '3.3.0',
50 silly addNameRange     '3.3.1',
50 silly addNameRange     '3.3.3',
50 silly addNameRange     '3.3.4',
50 silly addNameRange     '3.3.5',
50 silly addNameRange     '3.4.0',
50 silly addNameRange     '4.0.0',
50 silly addNameRange     '4.1.0',
50 silly addNameRange     '5.0.0',
50 silly addNameRange     '5.1.0',
50 silly addNameRange     '5.2.0',
50 silly addNameRange     '5.3.0' ] ]
51 silly addNamed raspi-io@5.3.0
52 verbose addNamed "5.3.0" is a plain semver version for raspi-io
53 silly cache afterAdd raspi-io@5.3.0
54 verbose afterAdd /Users/ulx/.npm/raspi-io/5.3.0/package/package.json not in flight; writing
55 verbose afterAdd /Users/ulx/.npm/raspi-io/5.3.0/package/package.json written
56 silly fetchNamedPackageData raspi-i2c
57 silly mapToRegistry name raspi-i2c
58 silly mapToRegistry using default registry
59 silly mapToRegistry registry https://registry.npmjs.org/
60 silly mapToRegistry uri https://registry.npmjs.org/raspi-i2c
61 verbose request uri https://registry.npmjs.org/raspi-i2c
62 verbose request no auth needed
63 info attempt registry request try #1 at 6:53:05 PM
64 verbose etag "DS443V8CMHG0H82CDKU2G1G8C"
65 http request GET https://registry.npmjs.org/raspi-i2c
66 http 304 https://registry.npmjs.org/raspi-i2c
67 verbose headers { date: 'Thu, 25 Feb 2016 23:53:05 GMT',
67 verbose headers   via: '1.1 varnish',
67 verbose headers   'cache-control': 'max-age=300',
67 verbose headers   etag: '"DS443V8CMHG0H82CDKU2G1G8C"',
67 verbose headers   age: '69',
67 verbose headers   connection: 'keep-alive',
67 verbose headers   'x-served-by': 'cache-ord1726-ORD',
67 verbose headers   'x-cache': 'HIT',
67 verbose headers   'x-cache-hits': '1',
67 verbose headers   'x-timer': 'S1456444385.689018,VS0,VE0',
67 verbose headers   vary: 'Accept' }
68 silly get cb [ 304,
68 silly get   { date: 'Thu, 25 Feb 2016 23:53:05 GMT',
68 silly get     via: '1.1 varnish',
68 silly get     'cache-control': 'max-age=300',
68 silly get     etag: '"DS443V8CMHG0H82CDKU2G1G8C"',
68 silly get     age: '69',
68 silly get     connection: 'keep-alive',
68 silly get     'x-served-by': 'cache-ord1726-ORD',
68 silly get     'x-cache': 'HIT',
68 silly get     'x-cache-hits': '1',
68 silly get     'x-timer': 'S1456444385.689018,VS0,VE0',
68 silly get     vary: 'Accept' } ]
69 verbose etag https://registry.npmjs.org/raspi-i2c from cache
70 verbose get saving raspi-i2c to /Users/ulx/.npm/registry.npmjs.org/raspi-i2c/.cache.json
71 silly resolveWithNewModule raspi-i2c@2.2.0 checking installable status
72 silly cache add args [ 'raspi-i2c@2.2.0', null ]
73 verbose cache add spec raspi-i2c@2.2.0
74 silly cache add parsed spec Result {
74 silly cache add   raw: 'raspi-i2c@2.2.0',
74 silly cache add   scope: null,
74 silly cache add   name: 'raspi-i2c',
74 silly cache add   rawSpec: '2.2.0',
74 silly cache add   spec: '2.2.0',
74 silly cache add   type: 'version' }
75 silly addNamed raspi-i2c@2.2.0
76 verbose addNamed "2.2.0" is a plain semver version for raspi-i2c
77 silly mapToRegistry name raspi-i2c
78 silly mapToRegistry using default registry
79 silly mapToRegistry registry https://registry.npmjs.org/
80 silly mapToRegistry uri https://registry.npmjs.org/raspi-i2c
81 verbose addNameVersion registry:https://registry.npmjs.org/raspi-i2c not in flight; fetching
82 verbose get https://registry.npmjs.org/raspi-i2c not expired, no request
83 silly cache afterAdd raspi-i2c@2.2.0
84 verbose afterAdd /Users/ulx/.npm/raspi-i2c/2.2.0/package/package.json not in flight; writing
85 verbose afterAdd /Users/ulx/.npm/raspi-i2c/2.2.0/package/package.json written
86 silly fetchNamedPackageData i2c-bus
87 silly mapToRegistry name i2c-bus
88 silly mapToRegistry using default registry
89 silly mapToRegistry registry https://registry.npmjs.org/
90 silly mapToRegistry uri https://registry.npmjs.org/i2c-bus
91 verbose request uri https://registry.npmjs.org/i2c-bus
92 verbose request no auth needed
93 info attempt registry request try #1 at 6:53:05 PM
94 verbose etag "2YUF4F65EH4FKS34Z1A4CVVNI"
95 http request GET https://registry.npmjs.org/i2c-bus
96 http 304 https://registry.npmjs.org/i2c-bus
97 verbose headers { date: 'Thu, 25 Feb 2016 23:53:05 GMT',
97 verbose headers   via: '1.1 varnish',
97 verbose headers   'cache-control': 'max-age=300',
97 verbose headers   etag: '"2YUF4F65EH4FKS34Z1A4CVVNI"',
97 verbose headers   age: '68',
97 verbose headers   connection: 'keep-alive',
97 verbose headers   'x-served-by': 'cache-ord1732-ORD',
97 verbose headers   'x-cache': 'HIT',
97 verbose headers   'x-cache-hits': '1',
97 verbose headers   'x-timer': 'S1456444385.816292,VS0,VE0',
97 verbose headers   vary: 'Accept' }
98 silly get cb [ 304,
98 silly get   { date: 'Thu, 25 Feb 2016 23:53:05 GMT',
98 silly get     via: '1.1 varnish',
98 silly get     'cache-control': 'max-age=300',
98 silly get     etag: '"2YUF4F65EH4FKS34Z1A4CVVNI"',
98 silly get     age: '68',
98 silly get     connection: 'keep-alive',
98 silly get     'x-served-by': 'cache-ord1732-ORD',
98 silly get     'x-cache': 'HIT',
98 silly get     'x-cache-hits': '1',
98 silly get     'x-timer': 'S1456444385.816292,VS0,VE0',
98 silly get     vary: 'Accept' } ]
99 verbose etag https://registry.npmjs.org/i2c-bus from cache
100 verbose get saving i2c-bus to /Users/ulx/.npm/registry.npmjs.org/i2c-bus/.cache.json
101 silly resolveWithNewModule i2c-bus@1.0.2 checking installable status
102 silly cache add args [ 'i2c-bus@^1.0.0', null ]
103 verbose cache add spec i2c-bus@^1.0.0
104 silly cache add parsed spec Result {
104 silly cache add   raw: 'i2c-bus@^1.0.0',
104 silly cache add   scope: null,
104 silly cache add   name: 'i2c-bus',
104 silly cache add   rawSpec: '^1.0.0',
104 silly cache add   spec: '>=1.0.0 <2.0.0',
104 silly cache add   type: 'range' }
105 silly addNamed i2c-bus@>=1.0.0 <2.0.0
106 verbose addNamed ">=1.0.0 <2.0.0" is a valid semver range for i2c-bus
107 silly addNameRange { name: 'i2c-bus', range: '>=1.0.0 <2.0.0', hasData: false }
108 silly mapToRegistry name i2c-bus
109 silly mapToRegistry using default registry
110 silly mapToRegistry registry https://registry.npmjs.org/
111 silly mapToRegistry uri https://registry.npmjs.org/i2c-bus
112 verbose addNameRange registry:https://registry.npmjs.org/i2c-bus not in flight; fetching
113 verbose get https://registry.npmjs.org/i2c-bus not expired, no request
114 silly addNameRange number 2 { name: 'i2c-bus', range: '>=1.0.0 <2.0.0', hasData: true }
115 silly addNameRange versions [ 'i2c-bus',
115 silly addNameRange   [ '0.1.0',
115 silly addNameRange     '0.2.0',
115 silly addNameRange     '0.3.0',
115 silly addNameRange     '0.4.0',
115 silly addNameRange     '0.5.0',
115 silly addNameRange     '0.6.0',
115 silly addNameRange     '0.7.0',
115 silly addNameRange     '0.8.0',
115 silly addNameRange     '0.9.0',
115 silly addNameRange     '0.10.0',
115 silly addNameRange     '0.11.0',
115 silly addNameRange     '0.11.1',
115 silly addNameRange     '0.11.2',
115 silly addNameRange     '0.11.3',
115 silly addNameRange     '0.12.0',
115 silly addNameRange     '1.0.0',
115 silly addNameRange     '1.0.1',
115 silly addNameRange     '1.0.2' ] ]
116 silly addNamed i2c-bus@1.0.2
117 verbose addNamed "1.0.2" is a plain semver version for i2c-bus
118 silly cache afterAdd i2c-bus@1.0.2
119 verbose afterAdd /Users/ulx/.npm/i2c-bus/1.0.2/package/package.json not in flight; writing
120 verbose afterAdd /Users/ulx/.npm/i2c-bus/1.0.2/package/package.json written
121 silly fetchNamedPackageData nan
122 silly mapToRegistry name nan
123 silly mapToRegistry using default registry
124 silly mapToRegistry registry https://registry.npmjs.org/
125 silly mapToRegistry uri https://registry.npmjs.org/nan
126 verbose request uri https://registry.npmjs.org/nan
127 verbose request no auth needed
128 info attempt registry request try #1 at 6:53:05 PM
129 verbose etag "BAVERG4EG5W3XHF012VJBMBOB"
130 http request GET https://registry.npmjs.org/nan
131 http 304 https://registry.npmjs.org/nan
132 verbose headers { date: 'Thu, 25 Feb 2016 23:53:05 GMT',
132 verbose headers   via: '1.1 varnish',
132 verbose headers   'cache-control': 'max-age=300',
132 verbose headers   etag: '"BAVERG4EG5W3XHF012VJBMBOB"',
132 verbose headers   age: '176',
132 verbose headers   connection: 'keep-alive',
132 verbose headers   'x-served-by': 'cache-ord1729-ORD',
132 verbose headers   'x-cache': 'HIT',
132 verbose headers   'x-cache-hits': '6',
132 verbose headers   'x-timer': 'S1456444385.959452,VS0,VE0',
132 verbose headers   vary: 'Accept' }
133 silly get cb [ 304,
133 silly get   { date: 'Thu, 25 Feb 2016 23:53:05 GMT',
133 silly get     via: '1.1 varnish',
133 silly get     'cache-control': 'max-age=300',
133 silly get     etag: '"BAVERG4EG5W3XHF012VJBMBOB"',
133 silly get     age: '176',
133 silly get     connection: 'keep-alive',
133 silly get     'x-served-by': 'cache-ord1729-ORD',
133 silly get     'x-cache': 'HIT',
133 silly get     'x-cache-hits': '6',
133 silly get     'x-timer': 'S1456444385.959452,VS0,VE0',
133 silly get     vary: 'Accept' } ]
134 verbose etag https://registry.npmjs.org/nan from cache
135 verbose get saving nan to /Users/ulx/.npm/registry.npmjs.org/nan/.cache.json
136 silly resolveWithNewModule nan@2.2.0 checking installable status
137 silly cache add args [ 'nan@~2.2.0', null ]
138 verbose cache add spec nan@~2.2.0
139 silly cache add parsed spec Result {
139 silly cache add   raw: 'nan@~2.2.0',
139 silly cache add   scope: null,
139 silly cache add   name: 'nan',
139 silly cache add   rawSpec: '~2.2.0',
139 silly cache add   spec: '>=2.2.0 <2.3.0',
139 silly cache add   type: 'range' }
140 silly addNamed nan@>=2.2.0 <2.3.0
141 verbose addNamed ">=2.2.0 <2.3.0" is a valid semver range for nan
142 silly addNameRange { name: 'nan', range: '>=2.2.0 <2.3.0', hasData: false }
143 silly mapToRegistry name nan
144 silly mapToRegistry using default registry
145 silly mapToRegistry registry https://registry.npmjs.org/
146 silly mapToRegistry uri https://registry.npmjs.org/nan
147 verbose addNameRange registry:https://registry.npmjs.org/nan not in flight; fetching
148 verbose get https://registry.npmjs.org/nan not expired, no request
149 silly addNameRange number 2 { name: 'nan', range: '>=2.2.0 <2.3.0', hasData: true }
150 silly addNameRange versions [ 'nan',
150 silly addNameRange   [ '0.3.0-wip',
150 silly addNameRange     '0.3.0-wip2',
150 silly addNameRange     '0.3.0',
150 silly addNameRange     '0.3.1',
150 silly addNameRange     '0.3.2',
150 silly addNameRange     '0.4.0',
150 silly addNameRange     '0.4.1',
150 silly addNameRange     '0.4.2',
150 silly addNameRange     '0.4.3',
150 silly addNameRange     '0.4.4',
150 silly addNameRange     '0.5.0',
150 silly addNameRange     '0.5.1',
150 silly addNameRange     '0.5.2',
150 silly addNameRange     '0.6.0',
150 silly addNameRange     '0.7.0',
150 silly addNameRange     '0.7.1',
150 silly addNameRange     '0.8.0',
150 silly addNameRange     '1.0.0',
150 silly addNameRange     '1.1.0',
150 silly addNameRange     '1.1.1',
150 silly addNameRange     '1.1.2',
150 silly addNameRange     '1.2.0',
150 silly addNameRange     '1.3.0',
150 silly addNameRange     '1.4.0',
150 silly addNameRange     '1.4.1',
150 silly addNameRange     '1.5.0',
150 silly addNameRange     '1.4.2',
150 silly addNameRange     '1.4.3',
150 silly addNameRange     '1.5.1',
150 silly addNameRange     '1.5.2',
150 silly addNameRange     '1.6.0',
150 silly addNameRange     '1.5.3',
150 silly addNameRange     '1.6.1',
150 silly addNameRange     '1.6.2',
150 silly addNameRange     '1.7.0',
150 silly addNameRange     '1.8.0',
150 silly addNameRange     '1.8.1',
150 silly addNameRange     '1.8.2',
150 silly addNameRange     '1.8.3',
150 silly addNameRange     '1.8.4',
150 silly addNameRange     '1.9.0',
150 silly addNameRange     '2.0.0',
150 silly addNameRange     '2.0.1',
150 silly addNameRange     '2.0.2',
150 silly addNameRange     '2.0.3',
150 silly addNameRange     '2.0.4',
150 silly addNameRange     '2.0.5',
150 silly addNameRange     '2.0.6',
150 silly addNameRange     '2.0.7',
150 silly addNameRange     '2.0.8',
150 silly addNameRange     '2.0.9',
150 silly addNameRange     '2.1.0',
150 silly addNameRange     '2.2.0' ] ]
151 silly addNamed nan@2.2.0
152 verbose addNamed "2.2.0" is a plain semver version for nan
153 silly cache afterAdd nan@2.2.0
154 verbose afterAdd /Users/ulx/.npm/nan/2.2.0/package/package.json not in flight; writing
155 verbose afterAdd /Users/ulx/.npm/nan/2.2.0/package/package.json written
156 silly loadAllDepsIntoIdealTree Finishing
157 silly idealTree:prePrune meep@1.0.0
157 silly idealTree:prePrune ├── ansi-regex@2.0.0
157 silly idealTree:prePrune ├─┬ ansi-styles@2.2.0
157 silly idealTree:prePrune │ └── color-convert@1.0.0
157 silly idealTree:prePrune ├── async@0.9.0
157 silly idealTree:prePrune ├── bindings@1.2.1
157 silly idealTree:prePrune ├── browser-serialport@2.0.3
157 silly idealTree:prePrune ├── chalk@1.1.1
157 silly idealTree:prePrune ├── color-convert@0.5.3
157 silly idealTree:prePrune ├── debug@2.2.0
157 silly idealTree:prePrune ├── descriptor@0.1.0
157 silly idealTree:prePrune ├── ease-component@1.0.0
157 silly idealTree:prePrune ├── es6-shim@0.34.4
157 silly idealTree:prePrune ├── escape-string-regexp@1.0.5
157 silly idealTree:prePrune ├── execSync@1.0.2
157 silly idealTree:prePrune ├─┬ firmata@0.8.4
157 silly idealTree:prePrune │ └── es6-shim@0.33.13
157 silly idealTree:prePrune ├── graceful-fs@1.2.3
157 silly idealTree:prePrune ├── has-ansi@2.0.0
157 silly idealTree:prePrune ├── hydna@2.0.3
157 silly idealTree:prePrune ├─┬ i2c-bus@1.0.2
157 silly idealTree:prePrune │ └── nan@2.2.0
157 silly idealTree:prePrune ├── ini-builder@1.0.3
157 silly idealTree:prePrune ├── johnny-five@0.9.26
157 silly idealTree:prePrune ├── jquery@2.2.1
157 silly idealTree:prePrune ├── lodash._baseclone@4.5.1
157 silly idealTree:prePrune ├── lodash.clonedeep@4.3.0
157 silly idealTree:prePrune ├── lodash.debounce@4.0.3
157 silly idealTree:prePrune ├── minimist@0.0.10
157 silly idealTree:prePrune ├── ms@0.7.1
157 silly idealTree:prePrune ├── nan@2.0.9
157 silly idealTree:prePrune ├── nanotimer@0.3.10
157 silly idealTree:prePrune ├── optimist@0.6.1
157 silly idealTree:prePrune ├── raspi-board@2.3.0
157 silly idealTree:prePrune ├─┬ raspi-gpio@2.1.0
157 silly idealTree:prePrune │ └── nan@2.2.0
157 silly idealTree:prePrune ├── raspi-i2c@2.2.0
157 silly idealTree:prePrune ├── raspi-io@5.3.0
157 silly idealTree:prePrune ├── raspi-led@1.2.0
157 silly idealTree:prePrune ├── raspi-peripheral@1.4.0
157 silly idealTree:prePrune ├─┬ raspi-pwm@2.2.0
157 silly idealTree:prePrune │ └── nan@2.2.0
157 silly idealTree:prePrune ├── raspi-wiringpi@1.0.6
157 silly idealTree:prePrune ├─┬ raspi@2.0.0
157 silly idealTree:prePrune │ └── nan@2.2.0
157 silly idealTree:prePrune ├── rimraf@2.1.4
157 silly idealTree:prePrune ├─┬ serialport@2.0.6
157 silly idealTree:prePrune │ ├─┬ node-pre-gyp-github@1.1.1
157 silly idealTree:prePrune │ │ ├─┬ commander@2.9.0
157 silly idealTree:prePrune │ │ │ └── graceful-readlink@1.0.1
157 silly idealTree:prePrune │ │ ├── github@0.2.4
157 silly idealTree:prePrune │ │ ├── mime@1.3.4
157 silly idealTree:prePrune │ │ └─┬ request@2.67.0
157 silly idealTree:prePrune │ │   ├── aws-sign2@0.6.0
157 silly idealTree:prePrune │ │   ├─┬ bl@1.0.0
157 silly idealTree:prePrune │ │   │ └─┬ readable-stream@2.0.5
157 silly idealTree:prePrune │ │   │   ├── core-util-is@1.0.2
157 silly idealTree:prePrune │ │   │   ├── inherits@2.0.1
157 silly idealTree:prePrune │ │   │   ├── isarray@0.0.1
157 silly idealTree:prePrune │ │   │   ├── process-nextick-args@1.0.6
157 silly idealTree:prePrune │ │   │   ├── string_decoder@0.10.31
157 silly idealTree:prePrune │ │   │   └── util-deprecate@1.0.2
157 silly idealTree:prePrune │ │   ├── caseless@0.11.0
157 silly idealTree:prePrune │ │   ├─┬ combined-stream@1.0.5
157 silly idealTree:prePrune │ │   │ └── delayed-stream@1.0.0
157 silly idealTree:prePrune │ │   ├── extend@3.0.0
157 silly idealTree:prePrune │ │   ├── forever-agent@0.6.1
157 silly idealTree:prePrune │ │   ├─┬ form-data@1.0.0-rc3
157 silly idealTree:prePrune │ │   │ └── async@1.5.0
157 silly idealTree:prePrune │ │   ├─┬ har-validator@2.0.3
157 silly idealTree:prePrune │ │   │ ├─┬ chalk@1.1.1
157 silly idealTree:prePrune │ │   │ │ ├── ansi-styles@2.1.0
157 silly idealTree:prePrune │ │   │ │ ├── escape-string-regexp@1.0.4
157 silly idealTree:prePrune │ │   │ │ ├─┬ has-ansi@2.0.0
157 silly idealTree:prePrune │ │   │ │ │ └── ansi-regex@2.0.0
157 silly idealTree:prePrune │ │   │ │ ├─┬ strip-ansi@3.0.0
157 silly idealTree:prePrune │ │   │ │ │ └── ansi-regex@2.0.0
157 silly idealTree:prePrune │ │   │ │ └── supports-color@2.0.0
157 silly idealTree:prePrune │ │   │ ├─┬ is-my-json-valid@2.12.3
157 silly idealTree:prePrune │ │   │ │ ├── generate-function@2.0.0
157 silly idealTree:prePrune │ │   │ │ ├─┬ generate-object-property@1.2.0
157 silly idealTree:prePrune │ │   │ │ │ └── is-property@1.0.2
157 silly idealTree:prePrune │ │   │ │ ├── jsonpointer@2.0.0
157 silly idealTree:prePrune │ │   │ │ └── xtend@4.0.1
157 silly idealTree:prePrune │ │   │ └─┬ pinkie-promise@2.0.0
157 silly idealTree:prePrune │ │   │   └── pinkie@2.0.1
157 silly idealTree:prePrune │ │   ├─┬ hawk@3.1.2
157 silly idealTree:prePrune │ │   │ ├── boom@2.10.1
157 silly idealTree:prePrune │ │   │ ├── cryptiles@2.0.5
157 silly idealTree:prePrune │ │   │ ├── hoek@2.16.3
157 silly idealTree:prePrune │ │   │ └── sntp@1.0.9
157 silly idealTree:prePrune │ │   ├─┬ http-signature@1.1.0
157 silly idealTree:prePrune │ │   │ ├── assert-plus@0.1.5
157 silly idealTree:prePrune │ │   │ ├─┬ jsprim@1.2.2
157 silly idealTree:prePrune │ │   │ │ ├── extsprintf@1.0.2
157 silly idealTree:prePrune │ │   │ │ ├── json-schema@0.2.2
157 silly idealTree:prePrune │ │   │ │ └── verror@1.3.6
157 silly idealTree:prePrune │ │   │ └─┬ sshpk@1.7.1
157 silly idealTree:prePrune │ │   │   ├── asn1@0.2.3
157 silly idealTree:prePrune │ │   │   ├── assert-plus@0.2.0
157 silly idealTree:prePrune │ │   │   ├─┬ dashdash@1.10.1
157 silly idealTree:prePrune │ │   │   │ └── assert-plus@0.1.5
157 silly idealTree:prePrune │ │   │   ├── ecc-jsbn@0.1.1
157 silly idealTree:prePrune │ │   │   ├── jodid25519@1.0.2
157 silly idealTree:prePrune │ │   │   ├── jsbn@0.1.0
157 silly idealTree:prePrune │ │   │   └── tweetnacl@0.13.2
157 silly idealTree:prePrune │ │   ├── is-typedarray@1.0.0
157 silly idealTree:prePrune │ │   ├── isstream@0.1.2
157 silly idealTree:prePrune │ │   ├── json-stringify-safe@5.0.1
157 silly idealTree:prePrune │ │   ├─┬ mime-types@2.1.8
157 silly idealTree:prePrune │ │   │ └── mime-db@1.20.0
157 silly idealTree:prePrune │ │   ├── node-uuid@1.4.7
157 silly idealTree:prePrune │ │   ├── oauth-sign@0.8.0
157 silly idealTree:prePrune │ │   ├── qs@5.2.0
157 silly idealTree:prePrune │ │   ├── stringstream@0.0.5
157 silly idealTree:prePrune │ │   ├── tough-cookie@2.2.1
157 silly idealTree:prePrune │ │   └── tunnel-agent@0.4.2
157 silly idealTree:prePrune │ └─┬ node-pre-gyp@0.6.18
157 silly idealTree:prePrune │   ├─┬ mkdirp@0.5.1
157 silly idealTree:prePrune │   │ └── minimist@0.0.8
157 silly idealTree:prePrune │   ├─┬ nopt@3.0.6
157 silly idealTree:prePrune │   │ └── abbrev@1.0.7
157 silly idealTree:prePrune │   ├─┬ npmlog@2.0.0
157 silly idealTree:prePrune │   │ ├── ansi@0.3.0
157 silly idealTree:prePrune │   │ ├─┬ are-we-there-yet@1.0.5
157 silly idealTree:prePrune │   │ │ ├── delegates@0.1.0
157 silly idealTree:prePrune │   │ │ └─┬ readable-stream@2.0.5
157 silly idealTree:prePrune │   │ │   ├── core-util-is@1.0.2
157 silly idealTree:prePrune │   │ │   ├── inherits@2.0.1
157 silly idealTree:prePrune │   │ │   ├── isarray@0.0.1
157 silly idealTree:prePrune │   │ │   ├── process-nextick-args@1.0.6
157 silly idealTree:prePrune │   │ │   ├── string_decoder@0.10.31
157 silly idealTree:prePrune │   │ │   └── util-deprecate@1.0.2
157 silly idealTree:prePrune │   │ └─┬ gauge@1.2.2
157 silly idealTree:prePrune │   │   ├── has-unicode@1.0.1
157 silly idealTree:prePrune │   │   ├─┬ lodash.pad@3.1.1
157 silly idealTree:prePrune │   │   │ ├── lodash._basetostring@3.0.1
157 silly idealTree:prePrune │   │   │ └─┬ lodash._createpadding@3.6.1
157 silly idealTree:prePrune │   │   │   └── lodash.repeat@3.0.1
157 silly idealTree:prePrune │   │   ├─┬ lodash.padleft@3.1.1
157 silly idealTree:prePrune │   │   │ ├── lodash._basetostring@3.0.1
157 silly idealTree:prePrune │   │   │ └─┬ lodash._createpadding@3.6.1
157 silly idealTree:prePrune │   │   │   └── lodash.repeat@3.0.1
157 silly idealTree:prePrune │   │   └─┬ lodash.padright@3.1.1
157 silly idealTree:prePrune │   │     ├── lodash._basetostring@3.0.1
157 silly idealTree:prePrune │   │     └─┬ lodash._createpadding@3.6.1
157 silly idealTree:prePrune │   │       └── lodash.repeat@3.0.1
157 silly idealTree:prePrune │   ├─┬ rc@1.1.5
157 silly idealTree:prePrune │   │ ├── deep-extend@0.4.0
157 silly idealTree:prePrune │   │ ├── ini@1.3.4
157 silly idealTree:prePrune │   │ ├── minimist@1.2.0
157 silly idealTree:prePrune │   │ └── strip-json-comments@1.0.4
157 silly idealTree:prePrune │   ├─┬ request@2.67.0
157 silly idealTree:prePrune │   │ ├── aws-sign2@0.6.0
157 silly idealTree:prePrune │   │ ├─┬ bl@1.0.0
157 silly idealTree:prePrune │   │ │ └─┬ readable-stream@2.0.5
157 silly idealTree:prePrune │   │ │   ├── core-util-is@1.0.2
157 silly idealTree:prePrune │   │ │   ├── inherits@2.0.1
157 silly idealTree:prePrune │   │ │   ├── isarray@0.0.1
157 silly idealTree:prePrune │   │ │   ├── process-nextick-args@1.0.6
157 silly idealTree:prePrune │   │ │   ├── string_decoder@0.10.31
157 silly idealTree:prePrune │   │ │   └── util-deprecate@1.0.2
157 silly idealTree:prePrune │   │ ├── caseless@0.11.0
157 silly idealTree:prePrune │   │ ├─┬ combined-stream@1.0.5
157 silly idealTree:prePrune │   │ │ └── delayed-stream@1.0.0
157 silly idealTree:prePrune │   │ ├── extend@3.0.0
157 silly idealTree:prePrune │   │ ├── forever-agent@0.6.1
157 silly idealTree:prePrune │   │ ├─┬ form-data@1.0.0-rc3
157 silly idealTree:prePrune │   │ │ └── async@1.5.0
157 silly idealTree:prePrune │   │ ├─┬ har-validator@2.0.3
157 silly idealTree:prePrune │   │ │ ├─┬ chalk@1.1.1
157 silly idealTree:prePrune │   │ │ │ ├── ansi-styles@2.1.0
157 silly idealTree:prePrune │   │ │ │ ├── escape-string-regexp@1.0.3
157 silly idealTree:prePrune │   │ │ │ ├─┬ has-ansi@2.0.0
157 silly idealTree:prePrune │   │ │ │ │ └── ansi-regex@2.0.0
157 silly idealTree:prePrune │   │ │ │ ├─┬ strip-ansi@3.0.0
157 silly idealTree:prePrune │   │ │ │ │ └── ansi-regex@2.0.0
157 silly idealTree:prePrune │   │ │ │ └── supports-color@2.0.0
157 silly idealTree:prePrune │   │ │ ├─┬ commander@2.9.0
157 silly idealTree:prePrune │   │ │ │ └── graceful-readlink@1.0.1
157 silly idealTree:prePrune │   │ │ ├─┬ is-my-json-valid@2.12.3
157 silly idealTree:prePrune │   │ │ │ ├── generate-function@2.0.0
157 silly idealTree:prePrune │   │ │ │ ├─┬ generate-object-property@1.2.0
157 silly idealTree:prePrune │   │ │ │ │ └── is-property@1.0.2
157 silly idealTree:prePrune │   │ │ │ ├── jsonpointer@2.0.0
157 silly idealTree:prePrune │   │ │ │ └── xtend@4.0.1
157 silly idealTree:prePrune │   │ │ └─┬ pinkie-promise@2.0.0
157 silly idealTree:prePrune │   │ │   └── pinkie@2.0.1
157 silly idealTree:prePrune │   │ ├─┬ hawk@3.1.2
157 silly idealTree:prePrune │   │ │ ├── boom@2.10.1
157 silly idealTree:prePrune │   │ │ ├── cryptiles@2.0.5
157 silly idealTree:prePrune │   │ │ ├── hoek@2.16.3
157 silly idealTree:prePrune │   │ │ └── sntp@1.0.9
157 silly idealTree:prePrune │   │ ├─┬ http-signature@1.1.0
157 silly idealTree:prePrune │   │ │ ├── assert-plus@0.1.5
157 silly idealTree:prePrune │   │ │ ├─┬ jsprim@1.2.2
157 silly idealTree:prePrune │   │ │ │ ├── extsprintf@1.0.2
157 silly idealTree:prePrune │   │ │ │ ├── json-schema@0.2.2
157 silly idealTree:prePrune │   │ │ │ └── verror@1.3.6
157 silly idealTree:prePrune │   │ │ └─┬ sshpk@1.7.1
157 silly idealTree:prePrune │   │ │   ├── asn1@0.2.3
157 silly idealTree:prePrune │   │ │   ├── assert-plus@0.2.0
157 silly idealTree:prePrune │   │ │   ├─┬ dashdash@1.10.1
157 silly idealTree:prePrune │   │ │   │ └── assert-plus@0.1.5
157 silly idealTree:prePrune │   │ │   ├── ecc-jsbn@0.1.1
157 silly idealTree:prePrune │   │ │   ├── jodid25519@1.0.2
157 silly idealTree:prePrune │   │ │   ├── jsbn@0.1.0
157 silly idealTree:prePrune │   │ │   └── tweetnacl@0.13.2
157 silly idealTree:prePrune │   │ ├── is-typedarray@1.0.0
157 silly idealTree:prePrune │   │ ├── isstream@0.1.2
157 silly idealTree:prePrune │   │ ├── json-stringify-safe@5.0.1
157 silly idealTree:prePrune │   │ ├─┬ mime-types@2.1.8
157 silly idealTree:prePrune │   │ │ └── mime-db@1.20.0
157 silly idealTree:prePrune │   │ ├── node-uuid@1.4.7
157 silly idealTree:prePrune │   │ ├── oauth-sign@0.8.0
157 silly idealTree:prePrune │   │ ├── qs@5.2.0
157 silly idealTree:prePrune │   │ ├── stringstream@0.0.5
157 silly idealTree:prePrune │   │ ├── tough-cookie@2.2.1
157 silly idealTree:prePrune │   │ └── tunnel-agent@0.4.2
157 silly idealTree:prePrune │   ├─┬ rimraf@2.4.4
157 silly idealTree:prePrune │   │ └─┬ glob@5.0.15
157 silly idealTree:prePrune │   │   ├─┬ inflight@1.0.4
157 silly idealTree:prePrune │   │   │ └── wrappy@1.0.1
157 silly idealTree:prePrune │   │   ├── inherits@2.0.1
157 silly idealTree:prePrune │   │   ├─┬ minimatch@3.0.0
157 silly idealTree:prePrune │   │   │ └─┬ brace-expansion@1.1.2
157 silly idealTree:prePrune │   │   │   ├── balanced-match@0.3.0
157 silly idealTree:prePrune │   │   │   └── concat-map@0.0.1
157 silly idealTree:prePrune │   │   ├─┬ once@1.3.3
157 silly idealTree:prePrune │   │   │ └── wrappy@1.0.1
157 silly idealTree:prePrune │   │   └── path-is-absolute@1.0.0
157 silly idealTree:prePrune │   ├── semver@5.1.0
157 silly idealTree:prePrune │   ├─┬ tar-pack@3.1.2
157 silly idealTree:prePrune │   │ ├── debug@0.7.4
157 silly idealTree:prePrune │   │ ├─┬ fstream-ignore@1.0.3
157 silly idealTree:prePrune │   │ │ ├── inherits@2.0.1
157 silly idealTree:prePrune │   │ │ └─┬ minimatch@3.0.0
157 silly idealTree:prePrune │   │ │   └─┬ brace-expansion@1.1.2
157 silly idealTree:prePrune │   │ │     ├── balanced-match@0.3.0
157 silly idealTree:prePrune │   │ │     └── concat-map@0.0.1
157 silly idealTree:prePrune │   │ ├─┬ fstream@1.0.8
157 silly idealTree:prePrune │   │ │ ├── graceful-fs@4.1.2
157 silly idealTree:prePrune │   │ │ └── inherits@2.0.1
157 silly idealTree:prePrune │   │ ├── once@1.1.1
157 silly idealTree:prePrune │   │ ├─┬ readable-stream@2.0.5
157 silly idealTree:prePrune │   │ │ ├── core-util-is@1.0.2
157 silly idealTree:prePrune │   │ │ ├── inherits@2.0.1
157 silly idealTree:prePrune │   │ │ ├── isarray@0.0.1
157 silly idealTree:prePrune │   │ │ ├── process-nextick-args@1.0.6
157 silly idealTree:prePrune │   │ │ ├── string_decoder@0.10.31
157 silly idealTree:prePrune │   │ │ └── util-deprecate@1.0.2
157 silly idealTree:prePrune │   │ └── uid-number@0.0.3
157 silly idealTree:prePrune │   └─┬ tar@2.2.1
157 silly idealTree:prePrune │     ├── block-stream@0.0.8
157 silly idealTree:prePrune │     ├─┬ fstream@1.0.8
157 silly idealTree:prePrune │     │ └── graceful-fs@4.1.2
157 silly idealTree:prePrune │     └── inherits@2.0.1
157 silly idealTree:prePrune ├── sf@0.1.7
157 silly idealTree:prePrune ├── strip-ansi@3.0.1
157 silly idealTree:prePrune ├── supports-color@2.0.0
157 silly idealTree:prePrune ├── temp@0.5.1
157 silly idealTree:prePrune ├── temporal@0.5.0
157 silly idealTree:prePrune └── wordwrap@0.0.3
158 silly loadIdealTree Finishing
159 silly currentTree meep@1.0.0
159 silly currentTree ├── ansi-regex@2.0.0
159 silly currentTree ├─┬ ansi-styles@2.2.0
159 silly currentTree │ └── color-convert@1.0.0
159 silly currentTree ├── async@0.9.0
159 silly currentTree ├── bindings@1.2.1
159 silly currentTree ├── browser-serialport@2.0.3
159 silly currentTree ├── chalk@1.1.1
159 silly currentTree ├── color-convert@0.5.3
159 silly currentTree ├── debug@2.2.0
159 silly currentTree ├── descriptor@0.1.0
159 silly currentTree ├── ease-component@1.0.0
159 silly currentTree ├── es6-shim@0.34.4
159 silly currentTree ├── escape-string-regexp@1.0.5
159 silly currentTree ├── execSync@1.0.2
159 silly currentTree ├─┬ firmata@0.8.4
159 silly currentTree │ └── es6-shim@0.33.13
159 silly currentTree ├── graceful-fs@1.2.3
159 silly currentTree ├── has-ansi@2.0.0
159 silly currentTree ├── hydna@2.0.3
159 silly currentTree ├── ini-builder@1.0.3
159 silly currentTree ├── johnny-five@0.9.26
159 silly currentTree ├── jquery@2.2.1
159 silly currentTree ├── lodash._baseclone@4.5.1
159 silly currentTree ├── lodash.clonedeep@4.3.0
159 silly currentTree ├── lodash.debounce@4.0.3
159 silly currentTree ├── minimist@0.0.10
159 silly currentTree ├── ms@0.7.1
159 silly currentTree ├── nan@2.0.9
159 silly currentTree ├── nanotimer@0.3.10
159 silly currentTree ├── optimist@0.6.1
159 silly currentTree ├── raspi-board@2.3.0
159 silly currentTree ├─┬ raspi-gpio@2.1.0
159 silly currentTree │ └── nan@2.2.0
159 silly currentTree ├── raspi-led@1.2.0
159 silly currentTree ├── raspi-peripheral@1.4.0
159 silly currentTree ├─┬ raspi-pwm@2.2.0
159 silly currentTree │ └── nan@2.2.0
159 silly currentTree ├── raspi-wiringpi@1.0.6
159 silly currentTree ├─┬ raspi@2.0.0
159 silly currentTree │ └── nan@2.2.0
159 silly currentTree ├── rimraf@2.1.4
159 silly currentTree ├─┬ serialport@2.0.6
159 silly currentTree │ ├─┬ node-pre-gyp-github@1.1.1
159 silly currentTree │ │ ├─┬ commander@2.9.0
159 silly currentTree │ │ │ └── graceful-readlink@1.0.1
159 silly currentTree │ │ ├── github@0.2.4
159 silly currentTree │ │ ├── mime@1.3.4
159 silly currentTree │ │ └─┬ request@2.67.0
159 silly currentTree │ │   ├── aws-sign2@0.6.0
159 silly currentTree │ │   ├─┬ bl@1.0.0
159 silly currentTree │ │   │ └─┬ readable-stream@2.0.5
159 silly currentTree │ │   │   ├── core-util-is@1.0.2
159 silly currentTree │ │   │   ├── inherits@2.0.1
159 silly currentTree │ │   │   ├── isarray@0.0.1
159 silly currentTree │ │   │   ├── process-nextick-args@1.0.6
159 silly currentTree │ │   │   ├── string_decoder@0.10.31
159 silly currentTree │ │   │   └── util-deprecate@1.0.2
159 silly currentTree │ │   ├── caseless@0.11.0
159 silly currentTree │ │   ├─┬ combined-stream@1.0.5
159 silly currentTree │ │   │ └── delayed-stream@1.0.0
159 silly currentTree │ │   ├── extend@3.0.0
159 silly currentTree │ │   ├── forever-agent@0.6.1
159 silly currentTree │ │   ├─┬ form-data@1.0.0-rc3
159 silly currentTree │ │   │ └── async@1.5.0
159 silly currentTree │ │   ├─┬ har-validator@2.0.3
159 silly currentTree │ │   │ ├─┬ chalk@1.1.1
159 silly currentTree │ │   │ │ ├── ansi-styles@2.1.0
159 silly currentTree │ │   │ │ ├── escape-string-regexp@1.0.4
159 silly currentTree │ │   │ │ ├─┬ has-ansi@2.0.0
159 silly currentTree │ │   │ │ │ └── ansi-regex@2.0.0
159 silly currentTree │ │   │ │ ├─┬ strip-ansi@3.0.0
159 silly currentTree │ │   │ │ │ └── ansi-regex@2.0.0
159 silly currentTree │ │   │ │ └── supports-color@2.0.0
159 silly currentTree │ │   │ ├─┬ is-my-json-valid@2.12.3
159 silly currentTree │ │   │ │ ├── generate-function@2.0.0
159 silly currentTree │ │   │ │ ├─┬ generate-object-property@1.2.0
159 silly currentTree │ │   │ │ │ └── is-property@1.0.2
159 silly currentTree │ │   │ │ ├── jsonpointer@2.0.0
159 silly currentTree │ │   │ │ └── xtend@4.0.1
159 silly currentTree │ │   │ └─┬ pinkie-promise@2.0.0
159 silly currentTree │ │   │   └── pinkie@2.0.1
159 silly currentTree │ │   ├─┬ hawk@3.1.2
159 silly currentTree │ │   │ ├── boom@2.10.1
159 silly currentTree │ │   │ ├── cryptiles@2.0.5
159 silly currentTree │ │   │ ├── hoek@2.16.3
159 silly currentTree │ │   │ └── sntp@1.0.9
159 silly currentTree │ │   ├─┬ http-signature@1.1.0
159 silly currentTree │ │   │ ├── assert-plus@0.1.5
159 silly currentTree │ │   │ ├─┬ jsprim@1.2.2
159 silly currentTree │ │   │ │ ├── extsprintf@1.0.2
159 silly currentTree │ │   │ │ ├── json-schema@0.2.2
159 silly currentTree │ │   │ │ └── verror@1.3.6
159 silly currentTree │ │   │ └─┬ sshpk@1.7.1
159 silly currentTree │ │   │   ├── asn1@0.2.3
159 silly currentTree │ │   │   ├── assert-plus@0.2.0
159 silly currentTree │ │   │   ├─┬ dashdash@1.10.1
159 silly currentTree │ │   │   │ └── assert-plus@0.1.5
159 silly currentTree │ │   │   ├── ecc-jsbn@0.1.1
159 silly currentTree │ │   │   ├── jodid25519@1.0.2
159 silly currentTree │ │   │   ├── jsbn@0.1.0
159 silly currentTree │ │   │   └── tweetnacl@0.13.2
159 silly currentTree │ │   ├── is-typedarray@1.0.0
159 silly currentTree │ │   ├── isstream@0.1.2
159 silly currentTree │ │   ├── json-stringify-safe@5.0.1
159 silly currentTree │ │   ├─┬ mime-types@2.1.8
159 silly currentTree │ │   │ └── mime-db@1.20.0
159 silly currentTree │ │   ├── node-uuid@1.4.7
159 silly currentTree │ │   ├── oauth-sign@0.8.0
159 silly currentTree │ │   ├── qs@5.2.0
159 silly currentTree │ │   ├── stringstream@0.0.5
159 silly currentTree │ │   ├── tough-cookie@2.2.1
159 silly currentTree │ │   └── tunnel-agent@0.4.2
159 silly currentTree │ └─┬ node-pre-gyp@0.6.18
159 silly currentTree │   ├─┬ mkdirp@0.5.1
159 silly currentTree │   │ └── minimist@0.0.8
159 silly currentTree │   ├─┬ nopt@3.0.6
159 silly currentTree │   │ └── abbrev@1.0.7
159 silly currentTree │   ├─┬ npmlog@2.0.0
159 silly currentTree │   │ ├── ansi@0.3.0
159 silly currentTree │   │ ├─┬ are-we-there-yet@1.0.5
159 silly currentTree │   │ │ ├── delegates@0.1.0
159 silly currentTree │   │ │ └─┬ readable-stream@2.0.5
159 silly currentTree │   │ │   ├── core-util-is@1.0.2
159 silly currentTree │   │ │   ├── inherits@2.0.1
159 silly currentTree │   │ │   ├── isarray@0.0.1
159 silly currentTree │   │ │   ├── process-nextick-args@1.0.6
159 silly currentTree │   │ │   ├── string_decoder@0.10.31
159 silly currentTree │   │ │   └── util-deprecate@1.0.2
159 silly currentTree │   │ └─┬ gauge@1.2.2
159 silly currentTree │   │   ├── has-unicode@1.0.1
159 silly currentTree │   │   ├─┬ lodash.pad@3.1.1
159 silly currentTree │   │   │ ├── lodash._basetostring@3.0.1
159 silly currentTree │   │   │ └─┬ lodash._createpadding@3.6.1
159 silly currentTree │   │   │   └── lodash.repeat@3.0.1
159 silly currentTree │   │   ├─┬ lodash.padleft@3.1.1
159 silly currentTree │   │   │ ├── lodash._basetostring@3.0.1
159 silly currentTree │   │   │ └─┬ lodash._createpadding@3.6.1
159 silly currentTree │   │   │   └── lodash.repeat@3.0.1
159 silly currentTree │   │   └─┬ lodash.padright@3.1.1
159 silly currentTree │   │     ├── lodash._basetostring@3.0.1
159 silly currentTree │   │     └─┬ lodash._createpadding@3.6.1
159 silly currentTree │   │       └── lodash.repeat@3.0.1
159 silly currentTree │   ├─┬ rc@1.1.5
159 silly currentTree │   │ ├── deep-extend@0.4.0
159 silly currentTree │   │ ├── ini@1.3.4
159 silly currentTree │   │ ├── minimist@1.2.0
159 silly currentTree │   │ └── strip-json-comments@1.0.4
159 silly currentTree │   ├─┬ request@2.67.0
159 silly currentTree │   │ ├── aws-sign2@0.6.0
159 silly currentTree │   │ ├─┬ bl@1.0.0
159 silly currentTree │   │ │ └─┬ readable-stream@2.0.5
159 silly currentTree │   │ │   ├── core-util-is@1.0.2
159 silly currentTree │   │ │   ├── inherits@2.0.1
159 silly currentTree │   │ │   ├── isarray@0.0.1
159 silly currentTree │   │ │   ├── process-nextick-args@1.0.6
159 silly currentTree │   │ │   ├── string_decoder@0.10.31
159 silly currentTree │   │ │   └── util-deprecate@1.0.2
159 silly currentTree │   │ ├── caseless@0.11.0
159 silly currentTree │   │ ├─┬ combined-stream@1.0.5
159 silly currentTree │   │ │ └── delayed-stream@1.0.0
159 silly currentTree │   │ ├── extend@3.0.0
159 silly currentTree │   │ ├── forever-agent@0.6.1
159 silly currentTree │   │ ├─┬ form-data@1.0.0-rc3
159 silly currentTree │   │ │ └── async@1.5.0
159 silly currentTree │   │ ├─┬ har-validator@2.0.3
159 silly currentTree │   │ │ ├─┬ chalk@1.1.1
159 silly currentTree │   │ │ │ ├── ansi-styles@2.1.0
159 silly currentTree │   │ │ │ ├── escape-string-regexp@1.0.3
159 silly currentTree │   │ │ │ ├─┬ has-ansi@2.0.0
159 silly currentTree │   │ │ │ │ └── ansi-regex@2.0.0
159 silly currentTree │   │ │ │ ├─┬ strip-ansi@3.0.0
159 silly currentTree │   │ │ │ │ └── ansi-regex@2.0.0
159 silly currentTree │   │ │ │ └── supports-color@2.0.0
159 silly currentTree │   │ │ ├─┬ commander@2.9.0
159 silly currentTree │   │ │ │ └── graceful-readlink@1.0.1
159 silly currentTree │   │ │ ├─┬ is-my-json-valid@2.12.3
159 silly currentTree │   │ │ │ ├── generate-function@2.0.0
159 silly currentTree │   │ │ │ ├─┬ generate-object-property@1.2.0
159 silly currentTree │   │ │ │ │ └── is-property@1.0.2
159 silly currentTree │   │ │ │ ├── jsonpointer@2.0.0
159 silly currentTree │   │ │ │ └── xtend@4.0.1
159 silly currentTree │   │ │ └─┬ pinkie-promise@2.0.0
159 silly currentTree │   │ │   └── pinkie@2.0.1
159 silly currentTree │   │ ├─┬ hawk@3.1.2
159 silly currentTree │   │ │ ├── boom@2.10.1
159 silly currentTree │   │ │ ├── cryptiles@2.0.5
159 silly currentTree │   │ │ ├── hoek@2.16.3
159 silly currentTree │   │ │ └── sntp@1.0.9
159 silly currentTree │   │ ├─┬ http-signature@1.1.0
159 silly currentTree │   │ │ ├── assert-plus@0.1.5
159 silly currentTree │   │ │ ├─┬ jsprim@1.2.2
159 silly currentTree │   │ │ │ ├── extsprintf@1.0.2
159 silly currentTree │   │ │ │ ├── json-schema@0.2.2
159 silly currentTree │   │ │ │ └── verror@1.3.6
159 silly currentTree │   │ │ └─┬ sshpk@1.7.1
159 silly currentTree │   │ │   ├── asn1@0.2.3
159 silly currentTree │   │ │   ├── assert-plus@0.2.0
159 silly currentTree │   │ │   ├─┬ dashdash@1.10.1
159 silly currentTree │   │ │   │ └── assert-plus@0.1.5
159 silly currentTree │   │ │   ├── ecc-jsbn@0.1.1
159 silly currentTree │   │ │   ├── jodid25519@1.0.2
159 silly currentTree │   │ │   ├── jsbn@0.1.0
159 silly currentTree │   │ │   └── tweetnacl@0.13.2
159 silly currentTree │   │ ├── is-typedarray@1.0.0
159 silly currentTree │   │ ├── isstream@0.1.2
159 silly currentTree │   │ ├── json-stringify-safe@5.0.1
159 silly currentTree │   │ ├─┬ mime-types@2.1.8
159 silly currentTree │   │ │ └── mime-db@1.20.0
159 silly currentTree │   │ ├── node-uuid@1.4.7
159 silly currentTree │   │ ├── oauth-sign@0.8.0
159 silly currentTree │   │ ├── qs@5.2.0
159 silly currentTree │   │ ├── stringstream@0.0.5
159 silly currentTree │   │ ├── tough-cookie@2.2.1
159 silly currentTree │   │ └── tunnel-agent@0.4.2
159 silly currentTree │   ├─┬ rimraf@2.4.4
159 silly currentTree │   │ └─┬ glob@5.0.15
159 silly currentTree │   │   ├─┬ inflight@1.0.4
159 silly currentTree │   │   │ └── wrappy@1.0.1
159 silly currentTree │   │   ├── inherits@2.0.1
159 silly currentTree │   │   ├─┬ minimatch@3.0.0
159 silly currentTree │   │   │ └─┬ brace-expansion@1.1.2
159 silly currentTree │   │   │   ├── balanced-match@0.3.0
159 silly currentTree │   │   │   └── concat-map@0.0.1
159 silly currentTree │   │   ├─┬ once@1.3.3
159 silly currentTree │   │   │ └── wrappy@1.0.1
159 silly currentTree │   │   └── path-is-absolute@1.0.0
159 silly currentTree │   ├── semver@5.1.0
159 silly currentTree │   ├─┬ tar-pack@3.1.2
159 silly currentTree │   │ ├── debug@0.7.4
159 silly currentTree │   │ ├─┬ fstream-ignore@1.0.3
159 silly currentTree │   │ │ ├── inherits@2.0.1
159 silly currentTree │   │ │ └─┬ minimatch@3.0.0
159 silly currentTree │   │ │   └─┬ brace-expansion@1.1.2
159 silly currentTree │   │ │     ├── balanced-match@0.3.0
159 silly currentTree │   │ │     └── concat-map@0.0.1
159 silly currentTree │   │ ├─┬ fstream@1.0.8
159 silly currentTree │   │ │ ├── graceful-fs@4.1.2
159 silly currentTree │   │ │ └── inherits@2.0.1
159 silly currentTree │   │ ├── once@1.1.1
159 silly currentTree │   │ ├─┬ readable-stream@2.0.5
159 silly currentTree │   │ │ ├── core-util-is@1.0.2
159 silly currentTree │   │ │ ├── inherits@2.0.1
159 silly currentTree │   │ │ ├── isarray@0.0.1
159 silly currentTree │   │ │ ├── process-nextick-args@1.0.6
159 silly currentTree │   │ │ ├── string_decoder@0.10.31
159 silly currentTree │   │ │ └── util-deprecate@1.0.2
159 silly currentTree │   │ └── uid-number@0.0.3
159 silly currentTree │   └─┬ tar@2.2.1
159 silly currentTree │     ├── block-stream@0.0.8
159 silly currentTree │     ├─┬ fstream@1.0.8
159 silly currentTree │     │ └── graceful-fs@4.1.2
159 silly currentTree │     └── inherits@2.0.1
159 silly currentTree ├── sf@0.1.7
159 silly currentTree ├── strip-ansi@3.0.1
159 silly currentTree ├── supports-color@2.0.0
159 silly currentTree ├── temp@0.5.1
159 silly currentTree ├── temporal@0.5.0
159 silly currentTree └── wordwrap@0.0.3
160 silly idealTree meep@1.0.0
160 silly idealTree ├── ansi-regex@2.0.0
160 silly idealTree ├─┬ ansi-styles@2.2.0
160 silly idealTree │ └── color-convert@1.0.0
160 silly idealTree ├── async@0.9.0
160 silly idealTree ├── bindings@1.2.1
160 silly idealTree ├── browser-serialport@2.0.3
160 silly idealTree ├── chalk@1.1.1
160 silly idealTree ├── color-convert@0.5.3
160 silly idealTree ├── debug@2.2.0
160 silly idealTree ├── descriptor@0.1.0
160 silly idealTree ├── ease-component@1.0.0
160 silly idealTree ├── es6-shim@0.34.4
160 silly idealTree ├── escape-string-regexp@1.0.5
160 silly idealTree ├── execSync@1.0.2
160 silly idealTree ├─┬ firmata@0.8.4
160 silly idealTree │ └── es6-shim@0.33.13
160 silly idealTree ├── graceful-fs@1.2.3
160 silly idealTree ├── has-ansi@2.0.0
160 silly idealTree ├── hydna@2.0.3
160 silly idealTree ├─┬ i2c-bus@1.0.2
160 silly idealTree │ └── nan@2.2.0
160 silly idealTree ├── ini-builder@1.0.3
160 silly idealTree ├── johnny-five@0.9.26
160 silly idealTree ├── jquery@2.2.1
160 silly idealTree ├── lodash._baseclone@4.5.1
160 silly idealTree ├── lodash.clonedeep@4.3.0
160 silly idealTree ├── lodash.debounce@4.0.3
160 silly idealTree ├── minimist@0.0.10
160 silly idealTree ├── ms@0.7.1
160 silly idealTree ├── nan@2.0.9
160 silly idealTree ├── nanotimer@0.3.10
160 silly idealTree ├── optimist@0.6.1
160 silly idealTree ├── raspi-board@2.3.0
160 silly idealTree ├─┬ raspi-gpio@2.1.0
160 silly idealTree │ └── nan@2.2.0
160 silly idealTree ├── raspi-i2c@2.2.0
160 silly idealTree ├── raspi-io@5.3.0
160 silly idealTree ├── raspi-led@1.2.0
160 silly idealTree ├── raspi-peripheral@1.4.0
160 silly idealTree ├─┬ raspi-pwm@2.2.0
160 silly idealTree │ └── nan@2.2.0
160 silly idealTree ├── raspi-wiringpi@1.0.6
160 silly idealTree ├─┬ raspi@2.0.0
160 silly idealTree │ └── nan@2.2.0
160 silly idealTree ├── rimraf@2.1.4
160 silly idealTree ├─┬ serialport@2.0.6
160 silly idealTree │ ├─┬ node-pre-gyp-github@1.1.1
160 silly idealTree │ │ ├─┬ commander@2.9.0
160 silly idealTree │ │ │ └── graceful-readlink@1.0.1
160 silly idealTree │ │ ├── github@0.2.4
160 silly idealTree │ │ ├── mime@1.3.4
160 silly idealTree │ │ └─┬ request@2.67.0
160 silly idealTree │ │   ├── aws-sign2@0.6.0
160 silly idealTree │ │   ├─┬ bl@1.0.0
160 silly idealTree │ │   │ └─┬ readable-stream@2.0.5
160 silly idealTree │ │   │   ├── core-util-is@1.0.2
160 silly idealTree │ │   │   ├── inherits@2.0.1
160 silly idealTree │ │   │   ├── isarray@0.0.1
160 silly idealTree │ │   │   ├── process-nextick-args@1.0.6
160 silly idealTree │ │   │   ├── string_decoder@0.10.31
160 silly idealTree │ │   │   └── util-deprecate@1.0.2
160 silly idealTree │ │   ├── caseless@0.11.0
160 silly idealTree │ │   ├─┬ combined-stream@1.0.5
160 silly idealTree │ │   │ └── delayed-stream@1.0.0
160 silly idealTree │ │   ├── extend@3.0.0
160 silly idealTree │ │   ├── forever-agent@0.6.1
160 silly idealTree │ │   ├─┬ form-data@1.0.0-rc3
160 silly idealTree │ │   │ └── async@1.5.0
160 silly idealTree │ │   ├─┬ har-validator@2.0.3
160 silly idealTree │ │   │ ├─┬ chalk@1.1.1
160 silly idealTree │ │   │ │ ├── ansi-styles@2.1.0
160 silly idealTree │ │   │ │ ├── escape-string-regexp@1.0.4
160 silly idealTree │ │   │ │ ├─┬ has-ansi@2.0.0
160 silly idealTree │ │   │ │ │ └── ansi-regex@2.0.0
160 silly idealTree │ │   │ │ ├─┬ strip-ansi@3.0.0
160 silly idealTree │ │   │ │ │ └── ansi-regex@2.0.0
160 silly idealTree │ │   │ │ └── supports-color@2.0.0
160 silly idealTree │ │   │ ├─┬ is-my-json-valid@2.12.3
160 silly idealTree │ │   │ │ ├── generate-function@2.0.0
160 silly idealTree │ │   │ │ ├─┬ generate-object-property@1.2.0
160 silly idealTree │ │   │ │ │ └── is-property@1.0.2
160 silly idealTree │ │   │ │ ├── jsonpointer@2.0.0
160 silly idealTree │ │   │ │ └── xtend@4.0.1
160 silly idealTree │ │   │ └─┬ pinkie-promise@2.0.0
160 silly idealTree │ │   │   └── pinkie@2.0.1
160 silly idealTree │ │   ├─┬ hawk@3.1.2
160 silly idealTree │ │   │ ├── boom@2.10.1
160 silly idealTree │ │   │ ├── cryptiles@2.0.5
160 silly idealTree │ │   │ ├── hoek@2.16.3
160 silly idealTree │ │   │ └── sntp@1.0.9
160 silly idealTree │ │   ├─┬ http-signature@1.1.0
160 silly idealTree │ │   │ ├── assert-plus@0.1.5
160 silly idealTree │ │   │ ├─┬ jsprim@1.2.2
160 silly idealTree │ │   │ │ ├── extsprintf@1.0.2
160 silly idealTree │ │   │ │ ├── json-schema@0.2.2
160 silly idealTree │ │   │ │ └── verror@1.3.6
160 silly idealTree │ │   │ └─┬ sshpk@1.7.1
160 silly idealTree │ │   │   ├── asn1@0.2.3
160 silly idealTree │ │   │   ├── assert-plus@0.2.0
160 silly idealTree │ │   │   ├─┬ dashdash@1.10.1
160 silly idealTree │ │   │   │ └── assert-plus@0.1.5
160 silly idealTree │ │   │   ├── ecc-jsbn@0.1.1
160 silly idealTree │ │   │   ├── jodid25519@1.0.2
160 silly idealTree │ │   │   ├── jsbn@0.1.0
160 silly idealTree │ │   │   └── tweetnacl@0.13.2
160 silly idealTree │ │   ├── is-typedarray@1.0.0
160 silly idealTree │ │   ├── isstream@0.1.2
160 silly idealTree │ │   ├── json-stringify-safe@5.0.1
160 silly idealTree │ │   ├─┬ mime-types@2.1.8
160 silly idealTree │ │   │ └── mime-db@1.20.0
160 silly idealTree │ │   ├── node-uuid@1.4.7
160 silly idealTree │ │   ├── oauth-sign@0.8.0
160 silly idealTree │ │   ├── qs@5.2.0
160 silly idealTree │ │   ├── stringstream@0.0.5
160 silly idealTree │ │   ├── tough-cookie@2.2.1
160 silly idealTree │ │   └── tunnel-agent@0.4.2
160 silly idealTree │ └─┬ node-pre-gyp@0.6.18
160 silly idealTree │   ├─┬ mkdirp@0.5.1
160 silly idealTree │   │ └── minimist@0.0.8
160 silly idealTree │   ├─┬ nopt@3.0.6
160 silly idealTree │   │ └── abbrev@1.0.7
160 silly idealTree │   ├─┬ npmlog@2.0.0
160 silly idealTree │   │ ├── ansi@0.3.0
160 silly idealTree │   │ ├─┬ are-we-there-yet@1.0.5
160 silly idealTree │   │ │ ├── delegates@0.1.0
160 silly idealTree │   │ │ └─┬ readable-stream@2.0.5
160 silly idealTree │   │ │   ├── core-util-is@1.0.2
160 silly idealTree │   │ │   ├── inherits@2.0.1
160 silly idealTree │   │ │   ├── isarray@0.0.1
160 silly idealTree │   │ │   ├── process-nextick-args@1.0.6
160 silly idealTree │   │ │   ├── string_decoder@0.10.31
160 silly idealTree │   │ │   └── util-deprecate@1.0.2
160 silly idealTree │   │ └─┬ gauge@1.2.2
160 silly idealTree │   │   ├── has-unicode@1.0.1
160 silly idealTree │   │   ├─┬ lodash.pad@3.1.1
160 silly idealTree │   │   │ ├── lodash._basetostring@3.0.1
160 silly idealTree │   │   │ └─┬ lodash._createpadding@3.6.1
160 silly idealTree │   │   │   └── lodash.repeat@3.0.1
160 silly idealTree │   │   ├─┬ lodash.padleft@3.1.1
160 silly idealTree │   │   │ ├── lodash._basetostring@3.0.1
160 silly idealTree │   │   │ └─┬ lodash._createpadding@3.6.1
160 silly idealTree │   │   │   └── lodash.repeat@3.0.1
160 silly idealTree │   │   └─┬ lodash.padright@3.1.1
160 silly idealTree │   │     ├── lodash._basetostring@3.0.1
160 silly idealTree │   │     └─┬ lodash._createpadding@3.6.1
160 silly idealTree │   │       └── lodash.repeat@3.0.1
160 silly idealTree │   ├─┬ rc@1.1.5
160 silly idealTree │   │ ├── deep-extend@0.4.0
160 silly idealTree │   │ ├── ini@1.3.4
160 silly idealTree │   │ ├── minimist@1.2.0
160 silly idealTree │   │ └── strip-json-comments@1.0.4
160 silly idealTree │   ├─┬ request@2.67.0
160 silly idealTree │   │ ├── aws-sign2@0.6.0
160 silly idealTree │   │ ├─┬ bl@1.0.0
160 silly idealTree │   │ │ └─┬ readable-stream@2.0.5
160 silly idealTree │   │ │   ├── core-util-is@1.0.2
160 silly idealTree │   │ │   ├── inherits@2.0.1
160 silly idealTree │   │ │   ├── isarray@0.0.1
160 silly idealTree │   │ │   ├── process-nextick-args@1.0.6
160 silly idealTree │   │ │   ├── string_decoder@0.10.31
160 silly idealTree │   │ │   └── util-deprecate@1.0.2
160 silly idealTree │   │ ├── caseless@0.11.0
160 silly idealTree │   │ ├─┬ combined-stream@1.0.5
160 silly idealTree │   │ │ └── delayed-stream@1.0.0
160 silly idealTree │   │ ├── extend@3.0.0
160 silly idealTree │   │ ├── forever-agent@0.6.1
160 silly idealTree │   │ ├─┬ form-data@1.0.0-rc3
160 silly idealTree │   │ │ └── async@1.5.0
160 silly idealTree │   │ ├─┬ har-validator@2.0.3
160 silly idealTree │   │ │ ├─┬ chalk@1.1.1
160 silly idealTree │   │ │ │ ├── ansi-styles@2.1.0
160 silly idealTree │   │ │ │ ├── escape-string-regexp@1.0.3
160 silly idealTree │   │ │ │ ├─┬ has-ansi@2.0.0
160 silly idealTree │   │ │ │ │ └── ansi-regex@2.0.0
160 silly idealTree │   │ │ │ ├─┬ strip-ansi@3.0.0
160 silly idealTree │   │ │ │ │ └── ansi-regex@2.0.0
160 silly idealTree │   │ │ │ └── supports-color@2.0.0
160 silly idealTree │   │ │ ├─┬ commander@2.9.0
160 silly idealTree │   │ │ │ └── graceful-readlink@1.0.1
160 silly idealTree │   │ │ ├─┬ is-my-json-valid@2.12.3
160 silly idealTree │   │ │ │ ├── generate-function@2.0.0
160 silly idealTree │   │ │ │ ├─┬ generate-object-property@1.2.0
160 silly idealTree │   │ │ │ │ └── is-property@1.0.2
160 silly idealTree │   │ │ │ ├── jsonpointer@2.0.0
160 silly idealTree │   │ │ │ └── xtend@4.0.1
160 silly idealTree │   │ │ └─┬ pinkie-promise@2.0.0
160 silly idealTree │   │ │   └── pinkie@2.0.1
160 silly idealTree │   │ ├─┬ hawk@3.1.2
160 silly idealTree │   │ │ ├── boom@2.10.1
160 silly idealTree │   │ │ ├── cryptiles@2.0.5
160 silly idealTree │   │ │ ├── hoek@2.16.3
160 silly idealTree │   │ │ └── sntp@1.0.9
160 silly idealTree │   │ ├─┬ http-signature@1.1.0
160 silly idealTree │   │ │ ├── assert-plus@0.1.5
160 silly idealTree │   │ │ ├─┬ jsprim@1.2.2
160 silly idealTree │   │ │ │ ├── extsprintf@1.0.2
160 silly idealTree │   │ │ │ ├── json-schema@0.2.2
160 silly idealTree │   │ │ │ └── verror@1.3.6
160 silly idealTree │   │ │ └─┬ sshpk@1.7.1
160 silly idealTree │   │ │   ├── asn1@0.2.3
160 silly idealTree │   │ │   ├── assert-plus@0.2.0
160 silly idealTree │   │ │   ├─┬ dashdash@1.10.1
160 silly idealTree │   │ │   │ └── assert-plus@0.1.5
160 silly idealTree │   │ │   ├── ecc-jsbn@0.1.1
160 silly idealTree │   │ │   ├── jodid25519@1.0.2
160 silly idealTree │   │ │   ├── jsbn@0.1.0
160 silly idealTree │   │ │   └── tweetnacl@0.13.2
160 silly idealTree │   │ ├── is-typedarray@1.0.0
160 silly idealTree │   │ ├── isstream@0.1.2
160 silly idealTree │   │ ├── json-stringify-safe@5.0.1
160 silly idealTree │   │ ├─┬ mime-types@2.1.8
160 silly idealTree │   │ │ └── mime-db@1.20.0
160 silly idealTree │   │ ├── node-uuid@1.4.7
160 silly idealTree │   │ ├── oauth-sign@0.8.0
160 silly idealTree │   │ ├── qs@5.2.0
160 silly idealTree │   │ ├── stringstream@0.0.5
160 silly idealTree │   │ ├── tough-cookie@2.2.1
160 silly idealTree │   │ └── tunnel-agent@0.4.2
160 silly idealTree │   ├─┬ rimraf@2.4.4
160 silly idealTree │   │ └─┬ glob@5.0.15
160 silly idealTree │   │   ├─┬ inflight@1.0.4
160 silly idealTree │   │   │ └── wrappy@1.0.1
160 silly idealTree │   │   ├── inherits@2.0.1
160 silly idealTree │   │   ├─┬ minimatch@3.0.0
160 silly idealTree │   │   │ └─┬ brace-expansion@1.1.2
160 silly idealTree │   │   │   ├── balanced-match@0.3.0
160 silly idealTree │   │   │   └── concat-map@0.0.1
160 silly idealTree │   │   ├─┬ once@1.3.3
160 silly idealTree │   │   │ └── wrappy@1.0.1
160 silly idealTree │   │   └── path-is-absolute@1.0.0
160 silly idealTree │   ├── semver@5.1.0
160 silly idealTree │   ├─┬ tar-pack@3.1.2
160 silly idealTree │   │ ├── debug@0.7.4
160 silly idealTree │   │ ├─┬ fstream-ignore@1.0.3
160 silly idealTree │   │ │ ├── inherits@2.0.1
160 silly idealTree │   │ │ └─┬ minimatch@3.0.0
160 silly idealTree │   │ │   └─┬ brace-expansion@1.1.2
160 silly idealTree │   │ │     ├── balanced-match@0.3.0
160 silly idealTree │   │ │     └── concat-map@0.0.1
160 silly idealTree │   │ ├─┬ fstream@1.0.8
160 silly idealTree │   │ │ ├── graceful-fs@4.1.2
160 silly idealTree │   │ │ └── inherits@2.0.1
160 silly idealTree │   │ ├── once@1.1.1
160 silly idealTree │   │ ├─┬ readable-stream@2.0.5
160 silly idealTree │   │ │ ├── core-util-is@1.0.2
160 silly idealTree │   │ │ ├── inherits@2.0.1
160 silly idealTree │   │ │ ├── isarray@0.0.1
160 silly idealTree │   │ │ ├── process-nextick-args@1.0.6
160 silly idealTree │   │ │ ├── string_decoder@0.10.31
160 silly idealTree │   │ │ └── util-deprecate@1.0.2
160 silly idealTree │   │ └── uid-number@0.0.3
160 silly idealTree │   └─┬ tar@2.2.1
160 silly idealTree │     ├── block-stream@0.0.8
160 silly idealTree │     ├─┬ fstream@1.0.8
160 silly idealTree │     │ └── graceful-fs@4.1.2
160 silly idealTree │     └── inherits@2.0.1
160 silly idealTree ├── sf@0.1.7
160 silly idealTree ├── strip-ansi@3.0.1
160 silly idealTree ├── supports-color@2.0.0
160 silly idealTree ├── temp@0.5.1
160 silly idealTree ├── temporal@0.5.0
160 silly idealTree └── wordwrap@0.0.3
161 silly generateActionsToTake Starting
162 silly install generateActionsToTake
163 silly generateActionsToTake Finishing
164 silly diffTrees action count 4
165 silly diffTrees add nan@2.2.0
166 silly diffTrees add i2c-bus@1.0.2
167 silly diffTrees add raspi-i2c@2.2.0
168 silly diffTrees add raspi-io@5.3.0
169 silly decomposeActions action count 32
170 silly decomposeActions fetch nan@2.2.0
171 silly decomposeActions extract nan@2.2.0
172 silly decomposeActions preinstall nan@2.2.0
173 silly decomposeActions build nan@2.2.0
174 silly decomposeActions install nan@2.2.0
175 silly decomposeActions postinstall nan@2.2.0
176 silly decomposeActions test nan@2.2.0
177 silly decomposeActions finalize nan@2.2.0
178 silly decomposeActions fetch i2c-bus@1.0.2
179 silly decomposeActions extract i2c-bus@1.0.2
180 silly decomposeActions preinstall i2c-bus@1.0.2
181 silly decomposeActions build i2c-bus@1.0.2
182 silly decomposeActions install i2c-bus@1.0.2
183 silly decomposeActions postinstall i2c-bus@1.0.2
184 silly decomposeActions test i2c-bus@1.0.2
185 silly decomposeActions finalize i2c-bus@1.0.2
186 silly decomposeActions fetch raspi-i2c@2.2.0
187 silly decomposeActions extract raspi-i2c@2.2.0
188 silly decomposeActions preinstall raspi-i2c@2.2.0
189 silly decomposeActions build raspi-i2c@2.2.0
190 silly decomposeActions install raspi-i2c@2.2.0
191 silly decomposeActions postinstall raspi-i2c@2.2.0
192 silly decomposeActions test raspi-i2c@2.2.0
193 silly decomposeActions finalize raspi-i2c@2.2.0
194 silly decomposeActions fetch raspi-io@5.3.0
195 silly decomposeActions extract raspi-io@5.3.0
196 silly decomposeActions preinstall raspi-io@5.3.0
197 silly decomposeActions build raspi-io@5.3.0
198 silly decomposeActions install raspi-io@5.3.0
199 silly decomposeActions postinstall raspi-io@5.3.0
200 silly decomposeActions test raspi-io@5.3.0
201 silly decomposeActions finalize raspi-io@5.3.0
202 silly executeActions Starting
203 silly install executeActions
204 silly doSerial global-install 0
205 silly doParallel fetch 4
206 verbose lock using /Users/ulx/.npm/_locks/staging-89c8ac377c477804.lock for /Users/ulx/Desktop/code/uxl/meep/node_modules/.staging
207 silly doParallel extract 4
208 silly extract nan@2.2.0
209 silly extract i2c-bus@1.0.2
210 silly extract raspi-i2c@2.2.0
211 silly extract raspi-io@5.3.0
212 verbose unbuild node_modules/.staging/nan-5f4ba6dd5532d3996950d95510845493
213 verbose unbuild node_modules/.staging/i2c-bus-6b1f29c5f789f0ab07839717d08238b2
214 verbose unbuild node_modules/.staging/raspi-i2c-304ca8937166fb5eb567a690fa9c59d7
215 verbose unbuild node_modules/.staging/raspi-io-ca260dc5c5179eafaffa971987e71e7b
216 silly gentlyRm /Users/ulx/Desktop/code/uxl/meep/node_modules/.staging/nan-5f4ba6dd5532d3996950d95510845493 is being purged from base /Users/ulx/Desktop/code/uxl/meep
217 silly gentlyRm /Users/ulx/Desktop/code/uxl/meep/node_modules/.staging/i2c-bus-6b1f29c5f789f0ab07839717d08238b2 is being purged from base /Users/ulx/Desktop/code/uxl/meep
218 silly gentlyRm /Users/ulx/Desktop/code/uxl/meep/node_modules/.staging/raspi-i2c-304ca8937166fb5eb567a690fa9c59d7 is being purged from base /Users/ulx/Desktop/code/uxl/meep
219 silly gentlyRm /Users/ulx/Desktop/code/uxl/meep/node_modules/.staging/raspi-io-ca260dc5c5179eafaffa971987e71e7b is being purged from base /Users/ulx/Desktop/code/uxl/meep
220 verbose gentlyRm don't care about contents; nuking /Users/ulx/Desktop/code/uxl/meep/node_modules/.staging/nan-5f4ba6dd5532d3996950d95510845493
221 verbose gentlyRm don't care about contents; nuking /Users/ulx/Desktop/code/uxl/meep/node_modules/.staging/i2c-bus-6b1f29c5f789f0ab07839717d08238b2
222 verbose gentlyRm don't care about contents; nuking /Users/ulx/Desktop/code/uxl/meep/node_modules/.staging/raspi-i2c-304ca8937166fb5eb567a690fa9c59d7
223 verbose gentlyRm don't care about contents; nuking /Users/ulx/Desktop/code/uxl/meep/node_modules/.staging/raspi-io-ca260dc5c5179eafaffa971987e71e7b
224 verbose tar unpack /Users/ulx/.npm/nan/2.2.0/package.tgz
225 verbose tar unpacking to /Users/ulx/Desktop/code/uxl/meep/node_modules/.staging/nan-5f4ba6dd5532d3996950d95510845493
226 silly gentlyRm /Users/ulx/Desktop/code/uxl/meep/node_modules/.staging/nan-5f4ba6dd5532d3996950d95510845493 is being purged
227 verbose tar unpack /Users/ulx/.npm/i2c-bus/1.0.2/package.tgz
228 verbose tar unpacking to /Users/ulx/Desktop/code/uxl/meep/node_modules/.staging/i2c-bus-6b1f29c5f789f0ab07839717d08238b2
229 silly gentlyRm /Users/ulx/Desktop/code/uxl/meep/node_modules/.staging/i2c-bus-6b1f29c5f789f0ab07839717d08238b2 is being purged
230 verbose tar unpack /Users/ulx/.npm/raspi-i2c/2.2.0/package.tgz
231 verbose tar unpacking to /Users/ulx/Desktop/code/uxl/meep/node_modules/.staging/raspi-i2c-304ca8937166fb5eb567a690fa9c59d7
232 silly gentlyRm /Users/ulx/Desktop/code/uxl/meep/node_modules/.staging/raspi-i2c-304ca8937166fb5eb567a690fa9c59d7 is being purged
233 verbose tar unpack /Users/ulx/.npm/raspi-io/5.3.0/package.tgz
234 verbose tar unpacking to /Users/ulx/Desktop/code/uxl/meep/node_modules/.staging/raspi-io-ca260dc5c5179eafaffa971987e71e7b
235 silly gentlyRm /Users/ulx/Desktop/code/uxl/meep/node_modules/.staging/raspi-io-ca260dc5c5179eafaffa971987e71e7b is being purged
236 verbose gentlyRm don't care about contents; nuking /Users/ulx/Desktop/code/uxl/meep/node_modules/.staging/nan-5f4ba6dd5532d3996950d95510845493
237 verbose gentlyRm don't care about contents; nuking /Users/ulx/Desktop/code/uxl/meep/node_modules/.staging/i2c-bus-6b1f29c5f789f0ab07839717d08238b2
238 verbose gentlyRm don't care about contents; nuking /Users/ulx/Desktop/code/uxl/meep/node_modules/.staging/raspi-i2c-304ca8937166fb5eb567a690fa9c59d7
239 verbose gentlyRm don't care about contents; nuking /Users/ulx/Desktop/code/uxl/meep/node_modules/.staging/raspi-io-ca260dc5c5179eafaffa971987e71e7b
240 silly gunzTarPerm modes [ '755', '644' ]
241 silly gunzTarPerm modes [ '755', '644' ]
242 silly gunzTarPerm modes [ '755', '644' ]
243 silly gunzTarPerm modes [ '755', '644' ]
244 silly gunzTarPerm extractEntry package.json
245 silly gunzTarPerm modified mode [ 'package.json', 436, 420 ]
246 silly gunzTarPerm extractEntry package.json
247 silly gunzTarPerm modified mode [ 'package.json', 436, 420 ]
248 silly gunzTarPerm extractEntry package.json
249 silly gunzTarPerm extractEntry package.json
250 silly gunzTarPerm extractEntry README.md
251 silly gunzTarPerm modified mode [ 'README.md', 436, 420 ]
252 silly gunzTarPerm extractEntry .npmignore
253 silly gunzTarPerm modified mode [ '.npmignore', 436, 420 ]
254 silly gunzTarPerm extractEntry README.md
255 silly gunzTarPerm modified mode [ 'README.md', 436, 420 ]
256 silly gunzTarPerm extractEntry .npmignore
257 silly gunzTarPerm extractEntry README.md
258 silly gunzTarPerm extractEntry include_dirs.js
259 silly gunzTarPerm modified mode [ 'include_dirs.js', 436, 420 ]
260 silly gunzTarPerm extractEntry .npmignore
261 silly gunzTarPerm extractEntry README.md
262 silly gunzTarPerm extractEntry nan_converters.h
263 silly gunzTarPerm modified mode [ 'nan_converters.h', 436, 420 ]
264 silly gunzTarPerm extractEntry LICENSE.md
265 silly gunzTarPerm modified mode [ 'LICENSE.md', 436, 420 ]
266 silly gunzTarPerm extractEntry .dntrc
267 silly gunzTarPerm modified mode [ '.dntrc', 436, 420 ]
268 silly gunzTarPerm extractEntry LICENSE
269 silly gunzTarPerm extractEntry LICENSE
270 silly gunzTarPerm modified mode [ 'LICENSE', 436, 420 ]
271 silly gunzTarPerm extractEntry LICENSE
272 silly gunzTarPerm extractEntry gulpfile.js
273 silly gunzTarPerm extractEntry appveyor.yml
274 silly gunzTarPerm modified mode [ 'appveyor.yml', 436, 420 ]
275 silly gunzTarPerm extractEntry index.js
276 silly gunzTarPerm extractEntry .idea/misc.xml
277 silly gunzTarPerm modified mode [ '.idea/misc.xml', 448, 484 ]
278 silly gunzTarPerm extractEntry .idea/.name
279 silly gunzTarPerm modified mode [ '.idea/.name', 448, 484 ]
280 silly gunzTarPerm extractEntry .idea/jsLibraryMappings.xml
281 silly gunzTarPerm modified mode [ '.idea/jsLibraryMappings.xml', 448, 484 ]
282 silly gunzTarPerm extractEntry .idea/jsLinters/jshint.xml
283 silly gunzTarPerm modified mode [ '.idea/jsLinters/jshint.xml', 448, 484 ]
284 silly gunzTarPerm extractEntry .idea/libraries/raspi_io_node_modules.xml
285 silly gunzTarPerm modified mode [ '.idea/libraries/raspi_io_node_modules.xml', 448, 484 ]
286 silly gunzTarPerm extractEntry .idea/encodings.xml
287 silly gunzTarPerm modified mode [ '.idea/encodings.xml', 448, 484 ]
288 silly gunzTarPerm extractEntry .idea/modules.xml
289 silly gunzTarPerm modified mode [ '.idea/modules.xml', 448, 484 ]
290 silly gunzTarPerm extractEntry .idea/raspi-io.iml
291 silly gunzTarPerm modified mode [ '.idea/raspi-io.iml', 448, 484 ]
292 silly gunzTarPerm extractEntry .idea/scopes/scope_settings.xml
293 silly gunzTarPerm modified mode [ '.idea/scopes/scope_settings.xml', 448, 484 ]
294 silly gunzTarPerm extractEntry .idea/vcs.xml
295 silly gunzTarPerm modified mode [ '.idea/vcs.xml', 448, 484 ]
296 silly gunzTarPerm extractEntry .idea/watcherTasks.xml
297 silly gunzTarPerm modified mode [ '.idea/watcherTasks.xml', 448, 484 ]
298 silly gunzTarPerm extractEntry .idea/workspace.xml
299 silly gunzTarPerm modified mode [ '.idea/workspace.xml', 448, 484 ]
300 silly gunzTarPerm extractEntry .eslintrc
301 silly gunzTarPerm extractEntry CHANGELOG.md
302 silly gunzTarPerm extractEntry jsconfig.json
303 silly gunzTarPerm extractEntry lib/index.js
304 silly gunzTarPerm extractEntry CONTRIBUTING.md
305 silly gunzTarPerm extractEntry i2c-bus.js
306 silly gunzTarPerm modified mode [ 'i2c-bus.js', 436, 420 ]
307 silly gunzTarPerm extractEntry History.md
308 silly gunzTarPerm modified mode [ 'History.md', 436, 420 ]
309 silly gunzTarPerm extractEntry example/ds1621-async.js
310 silly gunzTarPerm modified mode [ 'example/ds1621-async.js', 436, 420 ]
311 silly gunzTarPerm extractEntry gulpfile.js
312 silly gunzTarPerm extractEntry index.js
313 silly gunzTarPerm extractEntry example/ds1621-sync.js
314 silly gunzTarPerm modified mode [ 'example/ds1621-sync.js', 436, 420 ]
315 silly gunzTarPerm extractEntry doc/new.md
316 silly gunzTarPerm modified mode [ 'doc/new.md', 436, 420 ]
317 silly gunzTarPerm extractEntry doc/.build.sh
318 silly gunzTarPerm modified mode [ 'doc/.build.sh', 509, 493 ]
319 silly gunzTarPerm extractEntry CHANGELOG.md
320 silly gunzTarPerm extractEntry lib/index.js
321 silly gunzTarPerm extractEntry doc/buffers.md
322 silly gunzTarPerm modified mode [ 'doc/buffers.md', 436, 420 ]
323 silly gunzTarPerm extractEntry doc/callback.md
324 silly gunzTarPerm modified mode [ 'doc/callback.md', 436, 420 ]
325 silly gunzTarPerm extractEntry example/i2cdetect.js
326 silly gunzTarPerm modified mode [ 'example/i2cdetect.js', 436, 420 ]
327 silly gunzTarPerm extractEntry example/i2cquickscan.js
328 silly gunzTarPerm modified mode [ 'example/i2cquickscan.js', 436, 420 ]
329 silly gunzTarPerm extractEntry script/enable_i2c.js
330 silly gunzTarPerm extractEntry .eslintrc
331 silly gunzTarPerm extractEntry doc/converters.md
332 silly gunzTarPerm modified mode [ 'doc/converters.md', 436, 420 ]
333 silly gunzTarPerm extractEntry doc/errors.md
334 silly gunzTarPerm modified mode [ 'doc/errors.md', 436, 420 ]
335 silly gunzTarPerm extractEntry example/i2cscan.js
336 silly gunzTarPerm modified mode [ 'example/i2cscan.js', 436, 420 ]
337 silly gunzTarPerm extractEntry example/two-devices.js
338 silly gunzTarPerm modified mode [ 'example/two-devices.js', 436, 420 ]
339 silly gunzTarPerm extractEntry example/ds1621-bb.png
340 silly gunzTarPerm modified mode [ 'example/ds1621-bb.png', 436, 420 ]
341 silly gunzTarPerm extractEntry test/ds1621-sync.js
342 silly gunzTarPerm extractEntry test/ds1621.js
343 silly gunzTarPerm extractEntry doc/maybe_types.md
344 silly gunzTarPerm modified mode [ 'doc/maybe_types.md', 436, 420 ]
345 silly gunzTarPerm extractEntry doc/methods.md
346 silly gunzTarPerm modified mode [ 'doc/methods.md', 436, 420 ]
347 silly gunzTarPerm extractEntry test/errors.js
348 silly gunzTarPerm extractEntry doc/asyncworker.md
349 silly gunzTarPerm modified mode [ 'doc/asyncworker.md', 436, 420 ]
350 silly gunzTarPerm extractEntry doc/node_misc.md
351 silly gunzTarPerm modified mode [ 'doc/node_misc.md', 436, 420 ]
352 silly gunzTarPerm extractEntry example/ds1621-pi.png
353 silly gunzTarPerm modified mode [ 'example/ds1621-pi.png', 436, 420 ]
354 silly gunzTarPerm extractEntry doc/object_wrappers.md
355 silly gunzTarPerm modified mode [ 'doc/object_wrappers.md', 436, 420 ]
356 silly gunzTarPerm extractEntry doc/persistent.md
357 silly gunzTarPerm modified mode [ 'doc/persistent.md', 436, 420 ]
358 silly gunzTarPerm extractEntry doc/scopes.md
359 silly gunzTarPerm modified mode [ 'doc/scopes.md', 436, 420 ]
360 silly gunzTarPerm extractEntry doc/script.md
361 silly gunzTarPerm modified mode [ 'doc/script.md', 436, 420 ]
362 silly gunzTarPerm extractEntry doc/string_bytes.md
363 silly gunzTarPerm modified mode [ 'doc/string_bytes.md', 436, 420 ]
364 silly gunzTarPerm extractEntry doc/v8_internals.md
365 silly gunzTarPerm modified mode [ 'doc/v8_internals.md', 436, 420 ]
366 silly gunzTarPerm extractEntry test/async-brute-force-leak-check.js
367 silly gunzTarPerm modified mode [ 'test/async-brute-force-leak-check.js', 436, 420 ]
368 silly gunzTarPerm extractEntry test/async.js
369 silly gunzTarPerm modified mode [ 'test/async.js', 436, 420 ]
370 silly gunzTarPerm extractEntry test/i2c-functionality-available.js
371 silly gunzTarPerm modified mode [ 'test/i2c-functionality-available.js', 436, 420 ]
372 silly gunzTarPerm extractEntry doc/v8_misc.md
373 silly gunzTarPerm modified mode [ 'doc/v8_misc.md', 436, 420 ]
374 silly gunzTarPerm extractEntry test/sync-plain-i2c-performance.js
375 silly gunzTarPerm modified mode [ 'test/sync-plain-i2c-performance.js', 436, 420 ]
376 silly gunzTarPerm extractEntry test/scan-leak-check.js
377 silly gunzTarPerm modified mode [ 'test/scan-leak-check.js', 436, 420 ]
378 silly gunzTarPerm extractEntry nan.h
379 silly gunzTarPerm modified mode [ 'nan.h', 436, 420 ]
380 silly gunzTarPerm extractEntry nan_callbacks.h
381 silly gunzTarPerm modified mode [ 'nan_callbacks.h', 436, 420 ]
382 silly gunzTarPerm extractEntry test/async-performance.js
383 silly gunzTarPerm modified mode [ 'test/async-performance.js', 436, 420 ]
384 silly gunzTarPerm extractEntry test/sync-brute-force-leak-check.js
385 silly gunzTarPerm modified mode [ 'test/sync-brute-force-leak-check.js', 436, 420 ]
386 silly gunzTarPerm extractEntry test/sync-many-instances.js
387 silly gunzTarPerm modified mode [ 'test/sync-many-instances.js', 436, 420 ]
388 silly gunzTarPerm extractEntry nan_callbacks_12_inl.h
389 silly gunzTarPerm modified mode [ 'nan_callbacks_12_inl.h', 436, 420 ]
390 silly gunzTarPerm extractEntry nan_callbacks_pre_12_inl.h
391 silly gunzTarPerm modified mode [ 'nan_callbacks_pre_12_inl.h', 436, 420 ]
392 silly gunzTarPerm extractEntry test/sync-performance.js
393 silly gunzTarPerm modified mode [ 'test/sync-performance.js', 436, 420 ]
394 silly gunzTarPerm extractEntry test/sync.js
395 silly gunzTarPerm modified mode [ 'test/sync.js', 436, 420 ]
396 silly gunzTarPerm extractEntry test/scan.js
397 silly gunzTarPerm modified mode [ 'test/scan.js', 436, 420 ]
398 silly gunzTarPerm extractEntry test/run-tests
399 silly gunzTarPerm modified mode [ 'test/run-tests', 509, 493 ]
400 silly gunzTarPerm extractEntry nan_converters_43_inl.h
401 silly gunzTarPerm modified mode [ 'nan_converters_43_inl.h', 436, 420 ]
402 silly gunzTarPerm extractEntry nan_converters_pre_43_inl.h
403 silly gunzTarPerm modified mode [ 'nan_converters_pre_43_inl.h', 436, 420 ]
404 silly gunzTarPerm extractEntry nan_implementation_12_inl.h
405 silly gunzTarPerm modified mode [ 'nan_implementation_12_inl.h', 436, 420 ]
406 silly gunzTarPerm extractEntry binding.gyp
407 silly gunzTarPerm modified mode [ 'binding.gyp', 436, 420 ]
408 silly gunzTarPerm extractEntry nan_implementation_pre_12_inl.h
409 silly gunzTarPerm modified mode [ 'nan_implementation_pre_12_inl.h', 436, 420 ]
410 silly gunzTarPerm extractEntry src/sendbyte.cc
411 silly gunzTarPerm modified mode [ 'src/sendbyte.cc', 436, 420 ]
412 silly gunzTarPerm extractEntry src/i2c-dev.h
413 silly gunzTarPerm modified mode [ 'src/i2c-dev.h', 436, 420 ]
414 silly gunzTarPerm extractEntry src/i2cfuncs.cc
415 silly gunzTarPerm modified mode [ 'src/i2cfuncs.cc', 436, 420 ]
416 silly gunzTarPerm extractEntry src/i2cfuncs.h
417 silly gunzTarPerm modified mode [ 'src/i2cfuncs.h', 436, 420 ]
418 silly gunzTarPerm extractEntry src/readblock.cc
419 silly gunzTarPerm modified mode [ 'src/readblock.cc', 436, 420 ]
420 silly gunzTarPerm extractEntry nan_maybe_43_inl.h
421 silly gunzTarPerm modified mode [ 'nan_maybe_43_inl.h', 436, 420 ]
422 silly gunzTarPerm extractEntry nan_maybe_pre_43_inl.h
423 silly gunzTarPerm modified mode [ 'nan_maybe_pre_43_inl.h', 436, 420 ]
424 silly gunzTarPerm extractEntry nan_new.h
425 silly gunzTarPerm modified mode [ 'nan_new.h', 436, 420 ]
426 silly gunzTarPerm extractEntry src/readblock.h
427 silly gunzTarPerm modified mode [ 'src/readblock.h', 436, 420 ]
428 silly gunzTarPerm extractEntry nan_object_wrap.h
429 silly gunzTarPerm modified mode [ 'nan_object_wrap.h', 436, 420 ]
430 silly gunzTarPerm extractEntry src/readbyte.cc
431 silly gunzTarPerm modified mode [ 'src/readbyte.cc', 436, 420 ]
432 silly gunzTarPerm extractEntry nan_persistent_12_inl.h
433 silly gunzTarPerm modified mode [ 'nan_persistent_12_inl.h', 436, 420 ]
434 silly gunzTarPerm extractEntry nan_persistent_pre_12_inl.h
435 silly gunzTarPerm modified mode [ 'nan_persistent_pre_12_inl.h', 436, 420 ]
436 silly gunzTarPerm extractEntry src/readbyte.h
437 silly gunzTarPerm modified mode [ 'src/readbyte.h', 436, 420 ]
438 silly gunzTarPerm extractEntry src/readi2cblock.cc
439 silly gunzTarPerm modified mode [ 'src/readi2cblock.cc', 436, 420 ]
440 silly gunzTarPerm extractEntry src/readi2cblock.h
441 silly gunzTarPerm modified mode [ 'src/readi2cblock.h', 436, 420 ]
442 silly gunzTarPerm extractEntry src/readword.cc
443 silly gunzTarPerm modified mode [ 'src/readword.cc', 436, 420 ]
444 silly gunzTarPerm extractEntry src/readword.h
445 silly gunzTarPerm modified mode [ 'src/readword.h', 436, 420 ]
446 silly gunzTarPerm extractEntry src/receivebyte.cc
447 silly gunzTarPerm modified mode [ 'src/receivebyte.cc', 436, 420 ]
448 silly gunzTarPerm extractEntry src/receivebyte.h
449 silly gunzTarPerm modified mode [ 'src/receivebyte.h', 436, 420 ]
450 silly gunzTarPerm extractEntry nan_string_bytes.h
451 silly gunzTarPerm modified mode [ 'nan_string_bytes.h', 436, 420 ]
452 silly gunzTarPerm extractEntry nan_typedarray_contents.h
453 silly gunzTarPerm modified mode [ 'nan_typedarray_contents.h', 436, 420 ]
454 silly gunzTarPerm extractEntry src/i2c.cc
455 silly gunzTarPerm modified mode [ 'src/i2c.cc', 436, 420 ]
456 silly gunzTarPerm extractEntry src/sendbyte.h
457 silly gunzTarPerm modified mode [ 'src/sendbyte.h', 436, 420 ]
458 silly gunzTarPerm extractEntry src/setaddr.cc
459 silly gunzTarPerm modified mode [ 'src/setaddr.cc', 436, 420 ]
460 silly gunzTarPerm extractEntry src/setaddr.h
461 silly gunzTarPerm modified mode [ 'src/setaddr.h', 436, 420 ]
462 silly gunzTarPerm extractEntry src/util.h
463 silly gunzTarPerm modified mode [ 'src/util.h', 436, 420 ]
464 silly gunzTarPerm extractEntry nan_weak.h
465 silly gunzTarPerm modified mode [ 'nan_weak.h', 436, 420 ]
466 silly gunzTarPerm extractEntry CHANGELOG.md
467 silly gunzTarPerm modified mode [ 'CHANGELOG.md', 436, 420 ]
468 silly gunzTarPerm extractEntry src/writeblock.cc
469 silly gunzTarPerm modified mode [ 'src/writeblock.cc', 436, 420 ]
470 silly gunzTarPerm extractEntry src/writeblock.h
471 silly gunzTarPerm modified mode [ 'src/writeblock.h', 436, 420 ]
472 silly gunzTarPerm extractEntry src/writebyte.cc
473 silly gunzTarPerm modified mode [ 'src/writebyte.cc', 436, 420 ]
474 silly gunzTarPerm extractEntry src/writebyte.h
475 silly gunzTarPerm modified mode [ 'src/writebyte.h', 436, 420 ]
476 silly gunzTarPerm extractEntry src/writei2cblock.cc
477 silly gunzTarPerm modified mode [ 'src/writei2cblock.cc', 436, 420 ]
478 silly gunzTarPerm extractEntry tools/package.json
479 silly gunzTarPerm modified mode [ 'tools/package.json', 436, 420 ]
480 silly gunzTarPerm extractEntry tools/README.md
481 silly gunzTarPerm modified mode [ 'tools/README.md', 436, 420 ]
482 silly gunzTarPerm extractEntry src/writei2cblock.h
483 silly gunzTarPerm modified mode [ 'src/writei2cblock.h', 436, 420 ]
484 silly gunzTarPerm extractEntry src/writequick.cc
485 silly gunzTarPerm modified mode [ 'src/writequick.cc', 436, 420 ]
486 silly gunzTarPerm extractEntry src/writequick.h
487 silly gunzTarPerm modified mode [ 'src/writequick.h', 436, 420 ]
488 silly gunzTarPerm extractEntry tools/1to2.js
489 silly gunzTarPerm modified mode [ 'tools/1to2.js', 509, 493 ]
490 silly gunzTarPerm extractEntry src/writeword.cc
491 silly gunzTarPerm modified mode [ 'src/writeword.cc', 436, 420 ]
492 silly gunzTarPerm extractEntry src/writeword.h
493 silly gunzTarPerm modified mode [ 'src/writeword.h', 436, 420 ]
494 silly gunzTarPerm extractEntry doc/edison-adruino-base-board-i2c.md
495 silly gunzTarPerm modified mode [ 'doc/edison-adruino-base-board-i2c.md', 436, 420 ]
496 silly gunzTarPerm extractEntry doc/raspberry-pi-i2c.md
497 silly gunzTarPerm modified mode [ 'doc/raspberry-pi-i2c.md', 436, 420 ]
498 silly doParallel preinstall 4
499 silly preinstall nan@2.2.0 /Users/ulx/Desktop/code/uxl/meep/node_modules/.staging/nan-5f4ba6dd5532d3996950d95510845493
500 info lifecycle nan@2.2.0~preinstall: nan@2.2.0
501 silly preinstall i2c-bus@1.0.2 /Users/ulx/Desktop/code/uxl/meep/node_modules/.staging/i2c-bus-6b1f29c5f789f0ab07839717d08238b2
502 info lifecycle i2c-bus@1.0.2~preinstall: i2c-bus@1.0.2
503 silly preinstall raspi-i2c@2.2.0 /Users/ulx/Desktop/code/uxl/meep/node_modules/.staging/raspi-i2c-304ca8937166fb5eb567a690fa9c59d7
504 info lifecycle raspi-i2c@2.2.0~preinstall: raspi-i2c@2.2.0
505 silly preinstall raspi-io@5.3.0 /Users/ulx/Desktop/code/uxl/meep/node_modules/.staging/raspi-io-ca260dc5c5179eafaffa971987e71e7b
506 info lifecycle raspi-io@5.3.0~preinstall: raspi-io@5.3.0
507 silly lifecycle nan@2.2.0~preinstall: no script for preinstall, continuing
508 silly lifecycle i2c-bus@1.0.2~preinstall: no script for preinstall, continuing
509 silly lifecycle raspi-i2c@2.2.0~preinstall: no script for preinstall, continuing
510 silly lifecycle raspi-io@5.3.0~preinstall: no script for preinstall, continuing
511 silly doReverseSerial remove 0
512 silly doSerial move 0
513 silly doSerial finalize 4
514 silly finalize /Users/ulx/Desktop/code/uxl/meep/node_modules/i2c-bus/node_modules/nan
515 silly finalize /Users/ulx/Desktop/code/uxl/meep/node_modules/i2c-bus
516 silly finalize /Users/ulx/Desktop/code/uxl/meep/node_modules/raspi-i2c
517 silly finalize /Users/ulx/Desktop/code/uxl/meep/node_modules/raspi-io
518 silly doSerial build 4
519 silly build nan@2.2.0
520 info linkStuff nan@2.2.0
521 silly linkStuff nan@2.2.0 has /Users/ulx/Desktop/code/uxl/meep/node_modules/i2c-bus/node_modules as its parent node_modules
522 verbose linkBins nan@2.2.0
523 verbose linkMans nan@2.2.0
524 silly build i2c-bus@1.0.2
525 info linkStuff i2c-bus@1.0.2
526 silly linkStuff i2c-bus@1.0.2 has /Users/ulx/Desktop/code/uxl/meep/node_modules as its parent node_modules
527 verbose linkBins i2c-bus@1.0.2
528 verbose linkMans i2c-bus@1.0.2
529 silly build raspi-i2c@2.2.0
530 info linkStuff raspi-i2c@2.2.0
531 silly linkStuff raspi-i2c@2.2.0 has /Users/ulx/Desktop/code/uxl/meep/node_modules as its parent node_modules
532 verbose linkBins raspi-i2c@2.2.0
533 verbose linkMans raspi-i2c@2.2.0
534 silly build raspi-io@5.3.0
535 info linkStuff raspi-io@5.3.0
536 silly linkStuff raspi-io@5.3.0 has /Users/ulx/Desktop/code/uxl/meep/node_modules as its parent node_modules
537 verbose linkBins raspi-io@5.3.0
538 verbose linkMans raspi-io@5.3.0
539 silly doSerial global-link 0
540 silly doParallel update-linked 0
541 silly doSerial install 4
542 silly install nan@2.2.0 /Users/ulx/Desktop/code/uxl/meep/node_modules/.staging/nan-5f4ba6dd5532d3996950d95510845493
543 info lifecycle nan@2.2.0~install: nan@2.2.0
544 silly lifecycle nan@2.2.0~install: no script for install, continuing
545 silly install i2c-bus@1.0.2 /Users/ulx/Desktop/code/uxl/meep/node_modules/.staging/i2c-bus-6b1f29c5f789f0ab07839717d08238b2
546 info lifecycle i2c-bus@1.0.2~install: i2c-bus@1.0.2
547 verbose lifecycle i2c-bus@1.0.2~install: unsafe-perm in lifecycle true
548 verbose lifecycle i2c-bus@1.0.2~install: PATH: /Users/ulx/.npm-packages/lib/node_modules/npm/bin/node-gyp-bin:/Users/ulx/Desktop/code/uxl/meep/node_modules/i2c-bus/node_modules/.bin:/Users/ulx/Desktop/code/uxl/meep/node_modules/.bin:/Users/ulx/.npm-packages/bin:/Users/ulx/.npm-packages/bin:/Users/ulx/.npm-packages/bin:/Users/ulx/.rvm/gems/ruby-2.1.1/bin:/Users/ulx/.rvm/gems/ruby-2.1.1@global/bin:/Users/ulx/.rvm/rubies/ruby-2.1.1/bin:/Users/ulx/.npm-packages/bin:/Users/ulx/.npm-packages/bin:/Users/ulx/.npm-packages/bin:/usr/local/bin:/usr/bin:/bin:/usr/sbin:/sbin:/Users/ulx/.rvm/bin:/Users/ulx/.rvm/bin:/Users/ulx/.rvm/bin
549 verbose lifecycle i2c-bus@1.0.2~install: CWD: /Users/ulx/Desktop/code/uxl/meep/node_modules/i2c-bus
550 silly lifecycle i2c-bus@1.0.2~install: Args: [ '-c', 'node-gyp rebuild' ]
551 silly lifecycle i2c-bus@1.0.2~install: Returned: code: 1  signal: null
552 info lifecycle i2c-bus@1.0.2~install: Failed to exec install script
553 verbose unlock done using /Users/ulx/.npm/_locks/staging-89c8ac377c477804.lock for /Users/ulx/Desktop/code/uxl/meep/node_modules/.staging
554 silly rollbackFailedOptional Starting
555 silly rollbackFailedOptional Finishing
556 silly runTopLevelLifecycles Starting
557 silly runTopLevelLifecycles Finishing
558 silly install printInstalled
559 verbose stack Error: i2c-bus@1.0.2 install: `node-gyp rebuild`
559 verbose stack Exit status 1
559 verbose stack     at EventEmitter.<anonymous> (/Users/ulx/.npm-packages/lib/node_modules/npm/lib/utils/lifecycle.js:232:16)
559 verbose stack     at emitTwo (events.js:87:13)
559 verbose stack     at EventEmitter.emit (events.js:172:7)
559 verbose stack     at ChildProcess.<anonymous> (/Users/ulx/.npm-packages/lib/node_modules/npm/lib/utils/spawn.js:24:14)
559 verbose stack     at emitTwo (events.js:87:13)
559 verbose stack     at ChildProcess.emit (events.js:172:7)
559 verbose stack     at maybeClose (internal/child_process.js:818:16)
559 verbose stack     at Process.ChildProcess._handle.onexit (internal/child_process.js:211:5)
560 verbose pkgid i2c-bus@1.0.2
561 verbose cwd /Users/ulx/Desktop/code/uxl/meep
562 error Darwin 15.3.0
563 error argv "/usr/local/Cellar/node/5.0.0/bin/node" "/Users/ulx/.npm-packages/bin/npm" "install" "raspi-io" "-save"
564 error node v5.0.0
565 error npm  v3.3.10
566 error code ELIFECYCLE
567 error i2c-bus@1.0.2 install: `node-gyp rebuild`
567 error Exit status 1
568 error Failed at the i2c-bus@1.0.2 install script 'node-gyp rebuild'.
568 error Make sure you have the latest version of node.js and npm installed.
568 error If you do, this is most likely a problem with the i2c-bus package,
568 error not with npm itself.
568 error Tell the author that this fails on your system:
568 error     node-gyp rebuild
568 error You can get their info via:
568 error     npm owner ls i2c-bus
568 error There is likely additional logging output above.
569 verbose exit [ 1, true ]
